#
# There is insufficient memory for the Java Runtime Environment to continue.
# Native memory allocation (malloc) failed to allocate 1639856 bytes for Chunk::new
# Possible reasons:
#   The system is out of physical RAM or swap space
#   The process is running with CompressedOops enabled, and the Java Heap may be blocking the growth of the native heap
# Possible solutions:
#   Reduce memory load on the system
#   Increase physical memory or swap space
#   Check if swap backing store is full
#   Decrease Java heap size (-Xmx/-Xms)
#   Decrease number of Java threads
#   Decrease Java thread stack sizes (-Xss)
#   Set larger code cache with -XX:ReservedCodeCacheSize=
#   JVM is running with Unscaled Compressed Oops mode in which the Java heap is
#     placed in the first 4GB address space. The Java Heap base address is the
#     maximum limit for the native heap growth. Please use -XX:HeapBaseMinAddress
#     to set the Java Heap base and to place the Java Heap above 4GB virtual address.
# This output file may be truncated or incomplete.
#
#  Out of Memory Error (arena.cpp:184), pid=13380, tid=17720
#
# JRE version: OpenJDK Runtime Environment (19.0+36) (build 19+36-2238)
# Java VM: OpenJDK 64-Bit Server VM (19+36-2238, mixed mode, sharing, tiered, compressed oops, compressed class ptrs, g1 gc, windows-amd64)
# No core dump will be written. Minidumps are not enabled by default on client versions of Windows
#

---------------  S U M M A R Y ------------

Command Line: -agentlib:jdwp=transport=dt_socket,address=127.0.0.1:56451,suspend=y,server=n -javaagent:C:\Users\phearin.yeun\AppData\Local\JetBrains\IdeaIC2022.2\captureAgent\debugger-agent.jar -Dfile.encoding=UTF-8 com.sbilh.bank.SBIWEBSITE.SbiWebsiteApplication

Host: Intel(R) Core(TM) i5-10210U CPU @ 1.60GHz, 8 cores, 7G,  Windows 11 , 64 bit Build 22000 (10.0.22000.1335)
Time: Tue Jan  3 10:15:28 2023 SE Asia Standard Time elapsed time: 10.353815 seconds (0d 0h 0m 10s)

---------------  T H R E A D  ---------------

Current thread (0x000002a529265cb0):  JavaThread "C2 CompilerThread2" daemon [_thread_in_native, id=17720, stack(0x000000c97a000000,0x000000c97a100000)]


Current CompileTask:
C2:  10354 4358   !   4       jdk.internal.loader.Resource::getBytes (244 bytes)

Stack: [0x000000c97a000000,0x000000c97a100000]
Native frames: (J=compiled Java code, j=interpreted, Vv=VM code, C=native code)
V  [jvm.dll+0x6ee8fa]
V  [jvm.dll+0x857a1e]
V  [jvm.dll+0x85940e]
V  [jvm.dll+0x859ac3]
V  [jvm.dll+0x28291f]
V  [jvm.dll+0xc9b5f]
V  [jvm.dll+0xc9ee5]
V  [jvm.dll+0x3bcb72]
V  [jvm.dll+0x1ee31a]
V  [jvm.dll+0x24c41b]
V  [jvm.dll+0x24b671]
V  [jvm.dll+0x1d6d61]
V  [jvm.dll+0x25b0fa]
V  [jvm.dll+0x259588]
V  [jvm.dll+0x807928]
V  [jvm.dll+0x8015fa]
V  [jvm.dll+0x6ed5eb]
C  [ucrtbase.dll+0x26c0c]
C  [KERNEL32.DLL+0x155a0]
C  [ntdll.dll+0x485b]


---------------  P R O C E S S  ---------------

Threads class SMR info:
_java_thread_list=0x000002a5265f2ab0, length=24, elements={
0x000002a50246acb0, 0x000002a520b3b8b0, 0x000002a520b3c5f0, 0x000002a520b425f0,
0x000002a520b42f20, 0x000002a520b43ff0, 0x000002a520b46930, 0x000002a520b47590,
0x000002a520b4cae0, 0x000002a520b68370, 0x000002a524dc5620, 0x000002a524e6cec0,
0x000002a524f7d580, 0x000002a524e90770, 0x000002a524ecff00, 0x000002a525c05800,
0x000002a526019200, 0x000002a5269bc5f0, 0x000002a5267b08c0, 0x000002a528620060,
0x000002a525c1aae0, 0x000002a525de05a0, 0x000002a525de1040, 0x000002a529265cb0
}

Java Threads: ( => current thread )
  0x000002a50246acb0 JavaThread "main" [_thread_in_vm, id=11524, stack(0x000000c977900000,0x000000c977a00000)]
  0x000002a520b3b8b0 JavaThread "Reference Handler" daemon [_thread_blocked, id=2792, stack(0x000000c978000000,0x000000c978100000)]
  0x000002a520b3c5f0 JavaThread "Finalizer" daemon [_thread_blocked, id=1984, stack(0x000000c978100000,0x000000c978200000)]
  0x000002a520b425f0 JavaThread "Signal Dispatcher" daemon [_thread_blocked, id=4776, stack(0x000000c978200000,0x000000c978300000)]
  0x000002a520b42f20 JavaThread "Attach Listener" daemon [_thread_blocked, id=8156, stack(0x000000c978300000,0x000000c978400000)]
  0x000002a520b43ff0 JavaThread "Service Thread" daemon [_thread_blocked, id=3028, stack(0x000000c978400000,0x000000c978500000)]
  0x000002a520b46930 JavaThread "Monitor Deflation Thread" daemon [_thread_blocked, id=8964, stack(0x000000c978500000,0x000000c978600000)]
  0x000002a520b47590 JavaThread "C2 CompilerThread0" daemon [_thread_in_native, id=8472, stack(0x000000c978600000,0x000000c978700000)]
  0x000002a520b4cae0 JavaThread "C1 CompilerThread0" daemon [_thread_in_vm, id=7804, stack(0x000000c978700000,0x000000c978800000)]
  0x000002a520b68370 JavaThread "Sweeper thread" daemon [_thread_blocked, id=11484, stack(0x000000c978800000,0x000000c978900000)]
  0x000002a524dc5620 JavaThread "Common-Cleaner" daemon [_thread_blocked, id=16784, stack(0x000000c978900000,0x000000c978a00000)]
  0x000002a524e6cec0 JavaThread "JDWP Transport Listener: dt_socket" daemon [_thread_blocked, id=1728, stack(0x000000c978a00000,0x000000c978b00000)]
  0x000002a524f7d580 JavaThread "JDWP Event Helper Thread" daemon [_thread_blocked, id=2472, stack(0x000000c978b00000,0x000000c978c00000)]
  0x000002a524e90770 JavaThread "JDWP Command Reader" daemon [_thread_in_native, id=7076, stack(0x000000c978c00000,0x000000c978d00000)]
  0x000002a524ecff00 JavaThread "Notification Thread" daemon [_thread_blocked, id=12524, stack(0x000000c978d00000,0x000000c978e00000)]
  0x000002a525c05800 JavaThread "logback-1" daemon [_thread_blocked, id=12392, stack(0x000000c979900000,0x000000c979a00000)]
  0x000002a526019200 JavaThread "logback-2" daemon [_thread_blocked, id=5436, stack(0x000000c979a00000,0x000000c979b00000)]
  0x000002a5269bc5f0 JavaThread "Catalina-utility-1" [_thread_blocked, id=13944, stack(0x000000c979b00000,0x000000c979c00000)]
  0x000002a5267b08c0 JavaThread "Catalina-utility-2" [_thread_blocked, id=16788, stack(0x000000c979c00000,0x000000c979d00000)]
  0x000002a528620060 JavaThread "container-0" [_thread_blocked, id=13412, stack(0x000000c979d00000,0x000000c979e00000)]
  0x000002a525c1aae0 JavaThread "C2 CompilerThread1" daemon [_thread_in_native, id=14636, stack(0x000000c979600000,0x000000c979700000)]
  0x000002a525de05a0 JavaThread "HikariPool-1 housekeeper" daemon [_thread_blocked, id=15504, stack(0x000000c979e00000,0x000000c979f00000)]
  0x000002a525de1040 JavaThread "HikariPool-1 connection adder" daemon [_thread_blocked, id=14292, stack(0x000000c979f00000,0x000000c97a000000)]
=>0x000002a529265cb0 JavaThread "C2 CompilerThread2" daemon [_thread_in_native, id=17720, stack(0x000000c97a000000,0x000000c97a100000)]

Other Threads:
  0x000002a520b1b780 VMThread "VM Thread" [stack: 0x000000c977f00000,0x000000c978000000] [id=14660]
  0x000002a524ed0440 WatcherThread "VM Periodic Task Thread" [stack: 0x000000c978e00000,0x000000c978f00000] [id=13620]
  0x000002a5024cfcb0 WorkerThread "GC Thread#0" [stack: 0x000000c977a00000,0x000000c977b00000] [id=12404]
  0x000002a525b216c0 WorkerThread "GC Thread#1" [stack: 0x000000c978f00000,0x000000c979000000] [id=16200]
  0x000002a525b21990 WorkerThread "GC Thread#2" [stack: 0x000000c979000000,0x000000c979100000] [id=10676]
  0x000002a525b24780 WorkerThread "GC Thread#3" [stack: 0x000000c979100000,0x000000c979200000] [id=2016]
  0x000002a525b25260 WorkerThread "GC Thread#4" [stack: 0x000000c979200000,0x000000c979300000] [id=19284]
  0x000002a525b25530 WorkerThread "GC Thread#5" [stack: 0x000000c979300000,0x000000c979400000] [id=3140]
  0x000002a525b25800 WorkerThread "GC Thread#6" [stack: 0x000000c979400000,0x000000c979500000] [id=13084]
  0x000002a525b26ed0 WorkerThread "GC Thread#7" [stack: 0x000000c979500000,0x000000c979600000] [id=1880]
  0x000002a5024e03d0 ConcurrentGCThread "G1 Main Marker" [stack: 0x000000c977b00000,0x000000c977c00000] [id=18640]
  0x000002a5024e17a0 WorkerThread "G1 Conc#0" [stack: 0x000000c977c00000,0x000000c977d00000] [id=12300]
  0x000002a525b27470 WorkerThread "G1 Conc#1" [stack: 0x000000c979700000,0x000000c979800000] [id=14704]
  0x000002a5209d7100 ConcurrentGCThread "G1 Refine#0" [stack: 0x000000c977d00000,0x000000c977e00000] [id=17744]
  0x000002a5209d8900 ConcurrentGCThread "G1 Service" [stack: 0x000000c977e00000,0x000000c977f00000] [id=9288]

Threads with active compile tasks:
C2 CompilerThread0    10407 4416   !   4       jdk.internal.loader.URLClassPath$JarLoader::checkResource (70 bytes)
C1 CompilerThread0    10407 4421       3       net.bytebuddy.utility.dispatcher.JavaDispatcher$Dispatcher$ForNonStaticMethod::invoke (47 bytes)
C2 CompilerThread1    10408 4302       4       jdk.internal.loader.BuiltinClassLoader::defineClass (121 bytes)
C2 CompilerThread2    10408 4358   !   4       jdk.internal.loader.Resource::getBytes (244 bytes)

VM state: not at safepoint (normal execution)

VM Mutex/Monitor currently owned by a thread: None

Heap address: 0x0000000083a00000, size: 1990 MB, Compressed Oops mode: 32-bit

CDS archive(s) mapped at: [0x0000000800000000-0x0000000800c40000-0x0000000800c40000), size 12845056, SharedBaseAddress: 0x0000000800000000, ArchiveRelocationMode: 0.
Compressed class space mapped at: 0x0000000801000000-0x0000000841000000, reserved size: 1073741824
Narrow klass base: 0x0000000800000000, Narrow klass shift: 0, Narrow klass range: 0x100000000

GC Precious Log:
 CardTable entry size: 512
 Card Set container configuration: InlinePtr #cards 5 size 8 Array Of Cards #cards 12 size 40 Howl #buckets 4 coarsen threshold 1843 Howl Bitmap #cards 512 size 80 coarsen threshold 460 Card regions per heap region 1 cards per card region 2048
 CPUs: 8 total, 8 available
 Memory: 7952M
 Large Page Support: Disabled
 NUMA Support: Disabled
 Compressed Oops: Enabled (32-bit)
 Heap Region Size: 1M
 Heap Min Capacity: 8M
 Heap Initial Capacity: 126M
 Heap Max Capacity: 1990M
 Pre-touch: Disabled
 Parallel Workers: 8
 Concurrent Workers: 2
 Concurrent Refinement Workers: 8
 Periodic GC: Disabled

Heap:
 garbage-first heap   total 48128K, used 30283K [0x0000000083a00000, 0x0000000100000000)
  region size 1024K, 14 young (14336K), 1 survivors (1024K)
 Metaspace       used 43328K, committed 43712K, reserved 1114112K
  class space    used 5505K, committed 5696K, reserved 1048576K

Heap Regions: E=young(eden), S=young(survivor), O=old, HS=humongous(starts), HC=humongous(continues), CS=collection set, F=free, OA=open archive, CA=closed archive, TAMS=top-at-mark-start (previous, next)
|   0|0x0000000083a00000, 0x0000000083b00000, 0x0000000083b00000|100%|HS|  |TAMS 0x0000000083b00000, 0x0000000083a00000| Complete 
|   1|0x0000000083b00000, 0x0000000083c00000, 0x0000000083c00000|100%| O|  |TAMS 0x0000000083c00000, 0x0000000083b00000| Untracked 
|   2|0x0000000083c00000, 0x0000000083d00000, 0x0000000083d00000|100%| O|  |TAMS 0x0000000083d00000, 0x0000000083c00000| Untracked 
|   3|0x0000000083d00000, 0x0000000083e00000, 0x0000000083e00000|100%| O|  |TAMS 0x0000000083e00000, 0x0000000083d00000| Untracked 
|   4|0x0000000083e00000, 0x0000000083f00000, 0x0000000083f00000|100%| O|  |TAMS 0x0000000083f00000, 0x0000000083e00000| Untracked 
|   5|0x0000000083f00000, 0x0000000084000000, 0x0000000084000000|100%| O|  |TAMS 0x0000000084000000, 0x0000000083f00000| Untracked 
|   6|0x0000000084000000, 0x0000000084100000, 0x0000000084100000|100%| O|  |TAMS 0x0000000084000000, 0x0000000084000000| Untracked 
|   7|0x0000000084100000, 0x0000000084200000, 0x0000000084200000|100%| O|  |TAMS 0x0000000084200000, 0x0000000084100000| Untracked 
|   8|0x0000000084200000, 0x0000000084300000, 0x0000000084300000|100%| O|  |TAMS 0x0000000084300000, 0x0000000084200000| Untracked 
|   9|0x0000000084300000, 0x0000000084400000, 0x0000000084400000|100%| O|  |TAMS 0x0000000084400000, 0x0000000084300000| Untracked 
|  10|0x0000000084400000, 0x0000000084500000, 0x0000000084500000|100%| O|  |TAMS 0x0000000084500000, 0x0000000084400000| Untracked 
|  11|0x0000000084500000, 0x0000000084600000, 0x0000000084600000|100%| O|  |TAMS 0x0000000084600000, 0x0000000084500000| Untracked 
|  12|0x0000000084600000, 0x0000000084700000, 0x0000000084700000|100%| O|  |TAMS 0x0000000084700000, 0x0000000084600000| Untracked 
|  13|0x0000000084700000, 0x0000000084800000, 0x0000000084800000|100%| O|  |TAMS 0x0000000084800000, 0x0000000084700000| Untracked 
|  14|0x0000000084800000, 0x0000000084900000, 0x0000000084900000|100%| O|  |TAMS 0x0000000084900000, 0x0000000084800000| Untracked 
|  15|0x0000000084900000, 0x0000000084900000, 0x0000000084a00000|  0%| F|  |TAMS 0x0000000084900000, 0x0000000084900000| Untracked 
|  16|0x0000000084a00000, 0x0000000084b00000, 0x0000000084b00000|100%| O|  |TAMS 0x0000000084a00000, 0x0000000084a00000| Untracked 
|  17|0x0000000084b00000, 0x0000000084c00000, 0x0000000084c00000|100%| O|  |TAMS 0x0000000084b00000, 0x0000000084b00000| Untracked 
|  18|0x0000000084c00000, 0x0000000084d00000, 0x0000000084d00000|100%| O|  |TAMS 0x0000000084c00000, 0x0000000084c00000| Untracked 
|  19|0x0000000084d00000, 0x0000000084d28a00, 0x0000000084e00000| 15%| O|  |TAMS 0x0000000084d00000, 0x0000000084d00000| Untracked 
|  20|0x0000000084e00000, 0x0000000084e00000, 0x0000000084f00000|  0%| F|  |TAMS 0x0000000084e00000, 0x0000000084e00000| Untracked 
|  21|0x0000000084f00000, 0x0000000084f00000, 0x0000000085000000|  0%| F|  |TAMS 0x0000000084f00000, 0x0000000084f00000| Untracked 
|  22|0x0000000085000000, 0x0000000085000000, 0x0000000085100000|  0%| F|  |TAMS 0x0000000085000000, 0x0000000085000000| Untracked 
|  23|0x0000000085100000, 0x0000000085100000, 0x0000000085200000|  0%| F|  |TAMS 0x0000000085100000, 0x0000000085100000| Untracked 
|  24|0x0000000085200000, 0x0000000085200000, 0x0000000085300000|  0%| F|  |TAMS 0x0000000085200000, 0x0000000085200000| Untracked 
|  25|0x0000000085300000, 0x0000000085300000, 0x0000000085400000|  0%| F|  |TAMS 0x0000000085300000, 0x0000000085300000| Untracked 
|  26|0x0000000085400000, 0x0000000085400000, 0x0000000085500000|  0%| F|  |TAMS 0x0000000085400000, 0x0000000085400000| Untracked 
|  27|0x0000000085500000, 0x0000000085500000, 0x0000000085600000|  0%| F|  |TAMS 0x0000000085500000, 0x0000000085500000| Untracked 
|  28|0x0000000085600000, 0x0000000085600000, 0x0000000085700000|  0%| F|  |TAMS 0x0000000085600000, 0x0000000085600000| Untracked 
|  29|0x0000000085700000, 0x0000000085700000, 0x0000000085800000|  0%| F|  |TAMS 0x0000000085700000, 0x0000000085700000| Untracked 
|  30|0x0000000085800000, 0x0000000085800000, 0x0000000085900000|  0%| F|  |TAMS 0x0000000085800000, 0x0000000085800000| Untracked 
|  31|0x0000000085900000, 0x0000000085900000, 0x0000000085a00000|  0%| F|  |TAMS 0x0000000085900000, 0x0000000085900000| Untracked 
|  32|0x0000000085a00000, 0x0000000085a00000, 0x0000000085b00000|  0%| F|  |TAMS 0x0000000085a00000, 0x0000000085a00000| Untracked 
|  33|0x0000000085b00000, 0x0000000085b998c0, 0x0000000085c00000| 59%| E|  |TAMS 0x0000000085b00000, 0x0000000085b00000| Complete 
|  34|0x0000000085c00000, 0x0000000085d00000, 0x0000000085d00000|100%| E|CS|TAMS 0x0000000085c00000, 0x0000000085c00000| Complete 
|  35|0x0000000085d00000, 0x0000000085e00000, 0x0000000085e00000|100%| E|CS|TAMS 0x0000000085d00000, 0x0000000085d00000| Complete 
|  36|0x0000000085e00000, 0x0000000085f00000, 0x0000000085f00000|100%| E|CS|TAMS 0x0000000085e00000, 0x0000000085e00000| Complete 
|  37|0x0000000085f00000, 0x0000000086000000, 0x0000000086000000|100%| E|CS|TAMS 0x0000000085f00000, 0x0000000085f00000| Complete 
|  38|0x0000000086000000, 0x0000000086100000, 0x0000000086100000|100%| E|CS|TAMS 0x0000000086000000, 0x0000000086000000| Complete 
|  39|0x0000000086100000, 0x0000000086200000, 0x0000000086200000|100%| E|CS|TAMS 0x0000000086100000, 0x0000000086100000| Complete 
|  55|0x0000000087100000, 0x0000000087200000, 0x0000000087200000|100%| E|CS|TAMS 0x0000000087100000, 0x0000000087100000| Complete 
|  56|0x0000000087200000, 0x0000000087300000, 0x0000000087300000|100%| E|CS|TAMS 0x0000000087200000, 0x0000000087200000| Complete 
|  57|0x0000000087300000, 0x0000000087400000, 0x0000000087400000|100%| E|CS|TAMS 0x0000000087300000, 0x0000000087300000| Complete 
|  58|0x0000000087400000, 0x0000000087500000, 0x0000000087500000|100%| E|  |TAMS 0x0000000087400000, 0x0000000087400000| Complete 
|  59|0x0000000087500000, 0x0000000087600000, 0x0000000087600000|100%| E|CS|TAMS 0x0000000087500000, 0x0000000087500000| Complete 
|  60|0x0000000087600000, 0x000000008766a520, 0x0000000087700000| 41%| S|CS|TAMS 0x0000000087600000, 0x0000000087600000| Complete 
| 125|0x000000008b700000, 0x000000008b800000, 0x000000008b800000|100%| E|CS|TAMS 0x000000008b700000, 0x000000008b700000| Complete 

Card table byte_map: [0x000002a519ae0000,0x000002a519ed0000] _byte_map_base: 0x000002a5196c3000

Marking Bits (Prev, Next): (CMBitMap*) 0x000002a5024d01e0, (CMBitMap*) 0x000002a5024d0220
 Prev Bits: [0x000002a51a2c0000, 0x000002a51c1d8000)
 Next Bits: [0x000002a51c1e0000, 0x000002a51e0f8000)

Polling page: 0x000002a5003b0000

Metaspace:

Usage:
  Non-class:     36.95 MB used.
      Class:      5.38 MB used.
       Both:     42.33 MB used.

Virtual space:
  Non-class space:       64.00 MB reserved,      37.12 MB ( 58%) committed,  1 nodes.
      Class space:        1.00 GB reserved,       5.56 MB ( <1%) committed,  1 nodes.
             Both:        1.06 GB reserved,      42.69 MB (  4%) committed. 

Chunk freelists:
   Non-Class:  1.95 MB
       Class:  2.26 MB
        Both:  4.22 MB

MaxMetaspaceSize: unlimited
CompressedClassSpaceSize: 1.00 GB
Initial GC threshold: 21.00 MB
Current GC threshold: 58.88 MB
CDS: on
MetaspaceReclaimPolicy: balanced
 - commit_granule_bytes: 65536.
 - commit_granule_words: 8192.
 - virtual_space_node_default_size: 8388608.
 - enlarge_chunks_in_place: 1.
 - new_chunks_are_fully_committed: 0.
 - uncommit_free_chunks: 1.
 - use_allocation_guard: 0.


Internal statistics:

num_allocs_failed_limit: 6.
num_arena_births: 416.
num_arena_deaths: 0.
num_vsnodes_births: 2.
num_vsnodes_deaths: 0.
num_space_committed: 683.
num_space_uncommitted: 0.
num_chunks_returned_to_freelist: 6.
num_chunks_taken_from_freelist: 1851.
num_chunk_merges: 3.
num_chunk_splits: 1349.
num_chunks_enlarged: 1141.
num_inconsistent_stats: 0.

CodeHeap 'non-profiled nmethods': size=120000Kb used=2221Kb max_used=2788Kb free=117778Kb
 bounds [0x000002a511e90000, 0x000002a512150000, 0x000002a5193c0000]
CodeHeap 'profiled nmethods': size=120000Kb used=7634Kb max_used=9950Kb free=112365Kb
 bounds [0x000002a50a3c0000, 0x000002a50ad80000, 0x000002a5118f0000]
CodeHeap 'non-nmethods': size=5760Kb used=1412Kb max_used=1496Kb free=4347Kb
 bounds [0x000002a5118f0000, 0x000002a511b60000, 0x000002a511e90000]
 total_blobs=4249 nmethods=3672 adapters=487
 compilation: enabled
              stopped_count=0, restarted_count=0
 full_count=0

Compilation events (20 events):
Event: 10.308 Thread 0x000002a520b4cae0 4392       3       java.nio.MappedByteBuffer::rewind (5 bytes)
Event: 10.309 Thread 0x000002a520b4cae0 nmethod 4392 0x000002a50ad73710 code [0x000002a50ad738c0, 0x000002a50ad73af8]
Event: 10.309 Thread 0x000002a520b4cae0 4389       3       java.security.Provider$ServiceKey::matches (22 bytes)
Event: 10.309 Thread 0x000002a520b4cae0 nmethod 4389 0x000002a50ad73c10 code [0x000002a50ad73da0, 0x000002a50ad73f38]
Event: 10.309 Thread 0x000002a520b4cae0 4393       3       java.lang.AbstractStringBuilder::appendChars (130 bytes)
Event: 10.310 Thread 0x000002a520b4cae0 nmethod 4393 0x000002a50ad74010 code [0x000002a50ad74220, 0x000002a50ad747c8]
Event: 10.310 Thread 0x000002a520b4cae0 4394       1       org.postgresql.core.QueryExecutorBase::isReWriteBatchedInsertsEnabled (5 bytes)
Event: 10.310 Thread 0x000002a520b4cae0 nmethod 4394 0x000002a512144210 code [0x000002a5121443a0, 0x000002a512144478]
Event: 10.317 Thread 0x000002a520b4cae0 4395       3       java.lang.invoke.DirectMethodHandle$Holder::invokeStatic (14 bytes)
Event: 10.318 Thread 0x000002a520b4cae0 nmethod 4395 0x000002a50ad74a90 code [0x000002a50ad74c60, 0x000002a50ad750b8]
Event: 10.318 Thread 0x000002a520b4cae0 4396       3       java.lang.invoke.LambdaForm$MH/0x0000000801035400::invoke (53 bytes)
Event: 10.318 Thread 0x000002a520b4cae0 nmethod 4396 0x000002a50ad75210 code [0x000002a50ad75420, 0x000002a50ad75c58]
Event: 10.334 Thread 0x000002a520b47590 nmethod 4380 0x000002a512144510 code [0x000002a5121447e0, 0x000002a512146cc0]
Event: 10.334 Thread 0x000002a520b47590 4397       4       java.util.AbstractList::<init> (10 bytes)
Event: 10.335 Thread 0x000002a520b47590 nmethod 4397 0x000002a512147f90 code [0x000002a512148100, 0x000002a512148178]
Event: 10.335 Thread 0x000002a520b47590 4386       4       java.lang.invoke.Invokers::maybeCustomize (5 bytes)
Event: 10.336 Thread 0x000002a520b47590 nmethod 4386 0x000002a512148290 code [0x000002a512148420, 0x000002a5121484e8]
Event: 10.343 Thread 0x000002a520b4cae0 4398       3       net.bytebuddy.description.TypeVariableSource$AbstractBase::<init> (5 bytes)
Event: 10.343 Thread 0x000002a520b4cae0 nmethod 4398 0x000002a50ad75e90 code [0x000002a50ad76040, 0x000002a50ad761f8]
Event: 10.346 Thread 0x000002a520b47590 4399       4       jdk.internal.ref.PhantomCleanable::clean (16 bytes)

GC Heap History (20 events):
Event: 2.558 GC heap before
{Heap before GC invocations=0 (full 0):
 garbage-first heap   total 129024K, used 23552K [0x0000000083a00000, 0x0000000100000000)
  region size 1024K, 23 young (23552K), 0 survivors (0K)
 Metaspace       used 4949K, committed 5056K, reserved 1114112K
  class space    used 516K, committed 576K, reserved 1048576K
}
Event: 2.569 GC heap after
{Heap after GC invocations=1 (full 0):
 garbage-first heap   total 129024K, used 6888K [0x0000000083a00000, 0x0000000100000000)
  region size 1024K, 3 young (3072K), 3 survivors (3072K)
 Metaspace       used 4949K, committed 5056K, reserved 1114112K
  class space    used 516K, committed 576K, reserved 1048576K
}
Event: 3.568 GC heap before
{Heap before GC invocations=1 (full 0):
 garbage-first heap   total 129024K, used 34536K [0x0000000083a00000, 0x0000000100000000)
  region size 1024K, 31 young (31744K), 3 survivors (3072K)
 Metaspace       used 11468K, committed 11712K, reserved 1114112K
  class space    used 1333K, committed 1408K, reserved 1048576K
}
Event: 3.577 GC heap after
{Heap after GC invocations=2 (full 0):
 garbage-first heap   total 129024K, used 9273K [0x0000000083a00000, 0x0000000100000000)
  region size 1024K, 3 young (3072K), 3 survivors (3072K)
 Metaspace       used 11468K, committed 11712K, reserved 1114112K
  class space    used 1333K, committed 1408K, reserved 1048576K
}
Event: 5.846 GC heap before
{Heap before GC invocations=2 (full 0):
 garbage-first heap   total 129024K, used 70713K [0x0000000083a00000, 0x0000000100000000)
  region size 1024K, 65 young (66560K), 3 survivors (3072K)
 Metaspace       used 21283K, committed 21504K, reserved 1114112K
  class space    used 2506K, committed 2624K, reserved 1048576K
}
Event: 5.859 GC heap after
{Heap after GC invocations=3 (full 0):
 garbage-first heap   total 129024K, used 12872K [0x0000000083a00000, 0x0000000100000000)
  region size 1024K, 6 young (6144K), 6 survivors (6144K)
 Metaspace       used 21283K, committed 21504K, reserved 1114112K
  class space    used 2506K, committed 2624K, reserved 1048576K
}
Event: 6.872 GC heap before
{Heap before GC invocations=4 (full 0):
 garbage-first heap   total 48128K, used 35400K [0x0000000083a00000, 0x0000000100000000)
  region size 1024K, 28 young (28672K), 6 survivors (6144K)
 Metaspace       used 25888K, committed 26176K, reserved 1114112K
  class space    used 3131K, committed 3264K, reserved 1048576K
}
Event: 6.896 GC heap after
{Heap after GC invocations=5 (full 0):
 garbage-first heap   total 48128K, used 15461K [0x0000000083a00000, 0x0000000100000000)
  region size 1024K, 3 young (3072K), 3 survivors (3072K)
 Metaspace       used 25888K, committed 26176K, reserved 1114112K
  class space    used 3131K, committed 3264K, reserved 1048576K
}
Event: 6.949 GC heap before
{Heap before GC invocations=5 (full 0):
 garbage-first heap   total 48128K, used 16485K [0x0000000083a00000, 0x0000000100000000)
  region size 1024K, 4 young (4096K), 3 survivors (3072K)
 Metaspace       used 26171K, committed 26560K, reserved 1114112K
  class space    used 3159K, committed 3328K, reserved 1048576K
}
Event: 6.963 GC heap after
{Heap after GC invocations=6 (full 0):
 garbage-first heap   total 48128K, used 15771K [0x0000000083a00000, 0x0000000100000000)
  region size 1024K, 1 young (1024K), 1 survivors (1024K)
 Metaspace       used 26171K, committed 26560K, reserved 1114112K
  class space    used 3159K, committed 3328K, reserved 1048576K
}
Event: 7.665 GC heap before
{Heap before GC invocations=6 (full 0):
 garbage-first heap   total 48128K, used 32155K [0x0000000083a00000, 0x0000000100000000)
  region size 1024K, 18 young (18432K), 1 survivors (1024K)
 Metaspace       used 28746K, committed 29056K, reserved 1114112K
  class space    used 3441K, committed 3584K, reserved 1048576K
}
Event: 7.668 GC heap after
{Heap after GC invocations=7 (full 0):
 garbage-first heap   total 48128K, used 16642K [0x0000000083a00000, 0x0000000100000000)
  region size 1024K, 2 young (2048K), 2 survivors (2048K)
 Metaspace       used 28746K, committed 29056K, reserved 1114112K
  class space    used 3441K, committed 3584K, reserved 1048576K
}
Event: 8.500 GC heap before
{Heap before GC invocations=7 (full 0):
 garbage-first heap   total 48128K, used 33026K [0x0000000083a00000, 0x0000000100000000)
  region size 1024K, 19 young (19456K), 2 survivors (2048K)
 Metaspace       used 32800K, committed 33216K, reserved 1114112K
  class space    used 4026K, committed 4224K, reserved 1048576K
}
Event: 8.503 GC heap after
{Heap after GC invocations=8 (full 0):
 garbage-first heap   total 48128K, used 17480K [0x0000000083a00000, 0x0000000100000000)
  region size 1024K, 3 young (3072K), 3 survivors (3072K)
 Metaspace       used 32800K, committed 33216K, reserved 1114112K
  class space    used 4026K, committed 4224K, reserved 1048576K
}
Event: 8.826 GC heap before
{Heap before GC invocations=8 (full 0):
 garbage-first heap   total 48128K, used 26696K [0x0000000083a00000, 0x0000000100000000)
  region size 1024K, 13 young (13312K), 3 survivors (3072K)
 Metaspace       used 35710K, committed 36096K, reserved 1114112K
  class space    used 4477K, committed 4672K, reserved 1048576K
}
Event: 8.830 GC heap after
{Heap after GC invocations=9 (full 0):
 garbage-first heap   total 48128K, used 17957K [0x0000000083a00000, 0x0000000100000000)
  region size 1024K, 2 young (2048K), 2 survivors (2048K)
 Metaspace       used 35710K, committed 36096K, reserved 1114112K
  class space    used 4477K, committed 4672K, reserved 1048576K
}
Event: 9.772 GC heap before
{Heap before GC invocations=10 (full 0):
 garbage-first heap   total 48128K, used 35365K [0x0000000083a00000, 0x0000000100000000)
  region size 1024K, 19 young (19456K), 2 survivors (2048K)
 Metaspace       used 40060K, committed 40512K, reserved 1114112K
  class space    used 5027K, committed 5248K, reserved 1048576K
}
Event: 9.776 GC heap after
{Heap after GC invocations=11 (full 0):
 garbage-first heap   total 48128K, used 19013K [0x0000000083a00000, 0x0000000100000000)
  region size 1024K, 3 young (3072K), 3 survivors (3072K)
 Metaspace       used 40060K, committed 40512K, reserved 1114112K
  class space    used 5027K, committed 5248K, reserved 1048576K
}
Event: 9.796 GC heap before
{Heap before GC invocations=11 (full 0):
 garbage-first heap   total 48128K, used 20037K [0x0000000083a00000, 0x0000000100000000)
  region size 1024K, 4 young (4096K), 3 survivors (3072K)
 Metaspace       used 40284K, committed 40704K, reserved 1114112K
  class space    used 5038K, committed 5248K, reserved 1048576K
}
Event: 9.801 GC heap after
{Heap after GC invocations=12 (full 0):
 garbage-first heap   total 48128K, used 19019K [0x0000000083a00000, 0x0000000100000000)
  region size 1024K, 1 young (1024K), 1 survivors (1024K)
 Metaspace       used 40284K, committed 40704K, reserved 1114112K
  class space    used 5038K, committed 5248K, reserved 1048576K
}

Dll operation events (13 events):
Event: 0.053 Loaded shared library C:\Users\phearin.yeun\.jdks\openjdk-19\bin\java.dll
Event: 0.059 Loaded shared library C:\Users\phearin.yeun\.jdks\openjdk-19\bin\zip.dll
Event: 0.096 Loaded shared library C:\Users\phearin.yeun\.jdks\openjdk-19\bin\jsvml.dll
Event: 0.884 Loaded shared library C:\Users\phearin.yeun\.jdks\openjdk-19\bin\instrument.dll
Event: 0.980 Loaded shared library C:\Users\phearin.yeun\.jdks\openjdk-19\bin\net.dll
Event: 0.986 Loaded shared library C:\Users\phearin.yeun\.jdks\openjdk-19\bin\nio.dll
Event: 1.002 Loaded shared library C:\Users\phearin.yeun\.jdks\openjdk-19\bin\zip.dll
Event: 1.367 Loaded shared library C:\Users\phearin.yeun\.jdks\openjdk-19\bin\verify.dll
Event: 1.386 Loaded shared library C:\Users\phearin.yeun\.jdks\openjdk-19\bin\jimage.dll
Event: 3.047 Loaded shared library C:\Users\phearin.yeun\.jdks\openjdk-19\bin\management.dll
Event: 3.053 Loaded shared library C:\Users\phearin.yeun\.jdks\openjdk-19\bin\management_ext.dll
Event: 7.287 Loaded shared library C:\Users\phearin.yeun\.jdks\openjdk-19\bin\sunmscapi.dll
Event: 8.813 Loaded shared library C:\Users\phearin.yeun\.jdks\openjdk-19\bin\extnet.dll

Deoptimization events (20 events):
Event: 10.146 Thread 0x000002a50246acb0 DEOPT PACKING pc=0x000002a5120090c4 sp=0x000000c9779fcdd0
Event: 10.146 Thread 0x000002a50246acb0 DEOPT UNPACKING pc=0x000002a511957543 sp=0x000000c9779fc1e0 mode 1
Event: 10.150 Thread 0x000002a50246acb0 DEOPT PACKING pc=0x000002a5120090c4 sp=0x000000c9779fca70
Event: 10.150 Thread 0x000002a50246acb0 DEOPT UNPACKING pc=0x000002a511957543 sp=0x000000c9779fbe80 mode 1
Event: 10.150 Thread 0x000002a50246acb0 DEOPT PACKING pc=0x000002a5120090c4 sp=0x000000c9779fca70
Event: 10.150 Thread 0x000002a50246acb0 DEOPT UNPACKING pc=0x000002a511957543 sp=0x000000c9779fbe80 mode 1
Event: 10.152 Thread 0x000002a50246acb0 DEOPT PACKING pc=0x000002a5120090c4 sp=0x000000c9779fc740
Event: 10.152 Thread 0x000002a50246acb0 DEOPT UNPACKING pc=0x000002a511957543 sp=0x000000c9779fbb50 mode 1
Event: 10.152 Thread 0x000002a50246acb0 DEOPT PACKING pc=0x000002a5120090c4 sp=0x000000c9779fc740
Event: 10.152 Thread 0x000002a50246acb0 DEOPT UNPACKING pc=0x000002a511957543 sp=0x000000c9779fbb50 mode 1
Event: 10.156 Thread 0x000002a50246acb0 DEOPT PACKING pc=0x000002a5120090c4 sp=0x000000c9779fca90
Event: 10.156 Thread 0x000002a50246acb0 DEOPT UNPACKING pc=0x000002a511957543 sp=0x000000c9779fbea0 mode 1
Event: 10.157 Thread 0x000002a50246acb0 DEOPT PACKING pc=0x000002a5120090c4 sp=0x000000c9779fca90
Event: 10.157 Thread 0x000002a50246acb0 DEOPT UNPACKING pc=0x000002a511957543 sp=0x000000c9779fbea0 mode 1
Event: 10.345 Thread 0x000002a525de1040 DEOPT PACKING pc=0x000002a50ad2bbec sp=0x000000c979ffe980
Event: 10.345 Thread 0x000002a525de1040 DEOPT UNPACKING pc=0x000002a511957543 sp=0x000000c979ffde18 mode 1
Event: 10.345 Thread 0x000002a525de1040 DEOPT PACKING pc=0x000002a50ad65e44 sp=0x000000c979ffe9d0
Event: 10.345 Thread 0x000002a525de1040 DEOPT UNPACKING pc=0x000002a511957543 sp=0x000000c979ffde38 mode 1
Event: 10.345 Thread 0x000002a525de1040 DEOPT PACKING pc=0x000002a50ad65874 sp=0x000000c979ffea40
Event: 10.345 Thread 0x000002a525de1040 DEOPT UNPACKING pc=0x000002a511957543 sp=0x000000c979ffdef0 mode 1

Classes loaded (20 events):
Event: 10.340 Loading class net/bytebuddy/description/annotation/AnnotationValue$ForConstant$PropertyDelegate$ForNonArrayType$5
Event: 10.340 Loading class net/bytebuddy/description/annotation/AnnotationValue$ForConstant$PropertyDelegate$ForNonArrayType$5 done
Event: 10.340 Loading class net/bytebuddy/description/annotation/AnnotationValue$ForConstant$PropertyDelegate$ForNonArrayType$6
Event: 10.340 Loading class net/bytebuddy/description/annotation/AnnotationValue$ForConstant$PropertyDelegate$ForNonArrayType$6 done
Event: 10.340 Loading class net/bytebuddy/description/annotation/AnnotationValue$ForConstant$PropertyDelegate$ForNonArrayType$7
Event: 10.340 Loading class net/bytebuddy/description/annotation/AnnotationValue$ForConstant$PropertyDelegate$ForNonArrayType$7 done
Event: 10.341 Loading class net/bytebuddy/description/annotation/AnnotationValue$ForConstant$PropertyDelegate$ForNonArrayType$8
Event: 10.341 Loading class net/bytebuddy/description/annotation/AnnotationValue$ForConstant$PropertyDelegate$ForNonArrayType$8 done
Event: 10.341 Loading class net/bytebuddy/description/annotation/AnnotationValue$ForConstant$PropertyDelegate$ForNonArrayType$9
Event: 10.341 Loading class net/bytebuddy/description/annotation/AnnotationValue$ForConstant$PropertyDelegate$ForNonArrayType$9 done
Event: 10.344 Loading class net/bytebuddy/description/enumeration/EnumerationDescription$ForLoadedEnumeration
Event: 10.344 Loading class net/bytebuddy/description/enumeration/EnumerationDescription$ForLoadedEnumeration done
Event: 10.344 Loading class net/bytebuddy/description/enumeration/EnumerationDescription$AbstractBase
Event: 10.344 Loading class net/bytebuddy/description/enumeration/EnumerationDescription$AbstractBase done
Event: 10.345 Loading class sun/net/ConnectionResetException
Event: 10.345 Loading class sun/net/ConnectionResetException done
Event: 10.345 Loading class net/bytebuddy/description/annotation/AnnotationValue$ForEnumerationDescription
Event: 10.345 Loading class net/bytebuddy/description/annotation/AnnotationValue$ForEnumerationDescription done
Event: 10.346 Loading class net/bytebuddy/description/annotation/AnnotationValue$ForMismatchedType
Event: 10.346 Loading class net/bytebuddy/description/annotation/AnnotationValue$ForMismatchedType done

Classes unloaded (0 events):
No events

Classes redefined (0 events):
No events

Internal exceptions (20 events):
Event: 6.539 Thread 0x000002a50246acb0 Exception <a 'java/lang/IncompatibleClassChangeError'{0x000000008525aaf0}: Found class java.lang.Object, but interface was expected> (0x000000008525aaf0) 
thrown [s\open\src\hotspot\share\interpreter\linkResolver.cpp, line 841]
Event: 6.539 Thread 0x000002a50246acb0 Exception <a 'java/lang/NoSuchMethodError'{0x000000008525fbd0}: 'void java.lang.invoke.DirectMethodHandle$Holder.invokeStatic(java.lang.Object, int, java.lang.Object)'> (0x000000008525fbd0) 
thrown [s\open\src\hotspot\share\interpreter\linkResolver.cpp, line 774]
Event: 6.545 Thread 0x000002a50246acb0 Exception <a 'java/lang/NoSuchMethodError'{0x000000008528eab8}: 'int java.lang.invoke.DirectMethodHandle$Holder.invokeSpecial(java.lang.Object, java.lang.Object, int)'> (0x000000008528eab8) 
thrown [s\open\src\hotspot\share\interpreter\linkResolver.cpp, line 774]
Event: 6.695 Thread 0x000002a50246acb0 Exception <a 'java/lang/NoSuchMethodError'{0x0000000084e73578}: 'java.lang.Object java.lang.invoke.DirectMethodHandle$Holder.invokeStaticInit(java.lang.Object, int, int, int, int)'> (0x0000000084e73578) 
thrown [s\open\src\hotspot\share\interpreter\linkResolver.cpp, line 774]
Event: 6.817 Thread 0x000002a50246acb0 Exception <a 'java/lang/NoSuchMethodError'{0x0000000084ebf720}: 'java.lang.Object java.lang.invoke.DirectMethodHandle$Holder.invokeStaticInit(java.lang.Object, java.lang.Object, int, int, int, int)'> (0x0000000084ebf720) 
thrown [s\open\src\hotspot\share\interpreter\linkResolver.cpp, line 774]
Event: 6.984 Thread 0x000002a50246acb0 Exception <a 'java/lang/NoSuchMethodError'{0x000000008b7c7ce8}: 'int java.lang.invoke.DirectMethodHandle$Holder.invokeVirtual(java.lang.Object, java.lang.Object, java.lang.Object, java.lang.Object)'> (0x000000008b7c7ce8) 
thrown [s\open\src\hotspot\share\interpreter\linkResolver.cpp, line 774]
Event: 6.984 Thread 0x000002a50246acb0 Exception <a 'java/lang/NoSuchMethodError'{0x000000008b7cb810}: 'int java.lang.invoke.DelegatingMethodHandle$Holder.reinvoke_L(java.lang.Object, java.lang.Object, java.lang.Object, java.lang.Object)'> (0x000000008b7cb810) 
thrown [s\open\src\hotspot\share\interpreter\linkResolver.cpp, line 774]
Event: 7.316 Thread 0x000002a50246acb0 Exception <a 'java/io/FileNotFoundException'{0x0000000085e08018}> (0x0000000085e08018) 
thrown [s\open\src\hotspot\share\prims\jni.cpp, line 517]
Event: 7.392 Thread 0x000002a50246acb0 Exception <a 'java/lang/NoSuchMethodError'{0x0000000085d91d40}: 'int java.lang.invoke.DirectMethodHandle$Holder.invokeInterface(java.lang.Object, java.lang.Object, java.lang.Object, java.lang.Object)'> (0x0000000085d91d40) 
thrown [s\open\src\hotspot\share\interpreter\linkResolver.cpp, line 774]
Event: 7.526 Thread 0x000002a50246acb0 Exception <a 'java/lang/NoSuchMethodError'{0x0000000085bfa9c0}: 'long java.lang.invoke.DirectMethodHandle$Holder.invokeVirtual(java.lang.Object, java.lang.Object)'> (0x0000000085bfa9c0) 
thrown [s\open\src\hotspot\share\interpreter\linkResolver.cpp, line 774]
Event: 7.536 Thread 0x000002a50246acb0 Exception <a 'java/io/FileNotFoundException'{0x0000000085a29ac0}> (0x0000000085a29ac0) 
thrown [s\open\src\hotspot\share\prims\jni.cpp, line 517]
Event: 7.713 Thread 0x000002a50246acb0 Exception <a 'java/lang/NoSuchMethodError'{0x000000008b7d0290}: 'java.lang.Object java.lang.invoke.DirectMethodHandle$Holder.newInvokeSpecial(java.lang.Object, java.lang.Object, java.lang.Object, java.lang.Object, java.lang.Object, java.lang.Object, java.lang.Object, java.lang.Object, java.lang.Object, java.lang.Object, java.lang.Object)'> (0x000000008b7d0290) 
thrown [s\open\src\hotspot\share\interpreter\linkResolver.cpp, line 774]
Event: 9.022 Thread 0x000002a50246acb0 Exception <a 'sun/nio/fs/WindowsException'{0x00000000876abb68}> (0x00000000876abb68) 
thrown [s\open\src\hotspot\share\prims\jni.cpp, line 517]
Event: 9.116 Thread 0x000002a50246acb0 Exception <a 'java/lang/NoSuchMethodError'{0x0000000087510570}: 'void java.lang.invoke.DirectMethodHandle$Holder.invokeVirtual(java.lang.Object, java.lang.Object)'> (0x0000000087510570) 
thrown [s\open\src\hotspot\share\interpreter\linkResolver.cpp, line 774]
Event: 9.185 Thread 0x000002a50246acb0 Implicit null exception at 0x000002a512013d02 to 0x000002a512013dc0
Event: 9.333 Thread 0x000002a50246acb0 Exception <a 'java/lang/NoSuchMethodError'{0x00000000871ce638}: 'java.lang.Object java.lang.invoke.DirectMethodHandle$Holder.invokeStaticInit(java.lang.Object, java.lang.Object, java.lang.Object, java.lang.Object)'> (0x00000000871ce638) 
thrown [s\open\src\hotspot\share\interpreter\linkResolver.cpp, line 774]
Event: 9.621 Thread 0x000002a525de1040 Implicit null exception at 0x000002a5120f0140 to 0x000002a5120f0b9c
Event: 9.699 Thread 0x000002a50246acb0 Exception <a 'java/lang/NoSuchMethodError'{0x00000000857708e8}: 'java.lang.Object java.lang.invoke.DirectMethodHandle$Holder.newInvokeSpecial(java.lang.Object, java.lang.Object, int)'> (0x00000000857708e8) 
thrown [s\open\src\hotspot\share\interpreter\linkResolver.cpp, line 774]
Event: 9.792 Thread 0x000002a50246acb0 Exception <a 'java/lang/NoSuchMethodError'{0x000000008b7b37a0}: 'java.lang.Object java.lang.invoke.DirectMethodHandle$Holder.newInvokeSpecial(java.lang.Object, java.lang.Object, int, java.lang.Object, java.lang.Object)'> (0x000000008b7b37a0) 
thrown [s\open\src\hotspot\share\interpreter\linkResolver.cpp, line 774]
Event: 10.345 Thread 0x000002a525de1040 Exception <a 'sun/net/ConnectionResetException'{0x0000000085c05eb0}: Connection reset> (0x0000000085c05eb0) 
thrown [s\open\src\hotspot\share\prims\jni.cpp, line 536]

VM Operations (20 events):
Event: 8.825 Executing VM operation: CollectForMetadataAllocation
Event: 8.831 Executing VM operation: CollectForMetadataAllocation done
Event: 8.863 Executing VM operation: G1PauseRemark
Event: 8.867 Executing VM operation: G1PauseRemark done
Event: 8.880 Executing VM operation: G1PauseCleanup
Event: 8.880 Executing VM operation: G1PauseCleanup done
Event: 9.015 Executing VM operation: HandshakeAllThreads
Event: 9.016 Executing VM operation: HandshakeAllThreads done
Event: 9.035 Executing VM operation: HandshakeAllThreads
Event: 9.035 Executing VM operation: HandshakeAllThreads done
Event: 9.610 Executing VM operation: HandshakeAllThreads
Event: 9.610 Executing VM operation: HandshakeAllThreads done
Event: 9.772 Executing VM operation: G1CollectForAllocation
Event: 9.776 Executing VM operation: G1CollectForAllocation done
Event: 9.796 Executing VM operation: G1CollectForAllocation
Event: 9.796 Executing VM operation: G1CollectForAllocation done
Event: 9.796 Executing VM operation: G1CollectForAllocation
Event: 9.801 Executing VM operation: G1CollectForAllocation done
Event: 10.334 Executing VM operation: HandshakeAllThreads
Event: 10.334 Executing VM operation: HandshakeAllThreads done

Events (20 events):
Event: 3.126 Thread 0x000002a525b5c790 Thread exited: 0x000002a525b5c790
Event: 3.252 Thread 0x000002a525c1aae0 Thread added: 0x000002a525c1aae0
Event: 3.284 Thread 0x000002a525c37860 Thread added: 0x000002a525c37860
Event: 3.389 Thread 0x000002a525c06580 Thread added: 0x000002a525c06580
Event: 3.624 Thread 0x000002a525c05800 Thread added: 0x000002a525c05800
Event: 3.626 Thread 0x000002a526019200 Thread added: 0x000002a526019200
Event: 3.977 Thread 0x000002a525c37860 Thread exited: 0x000002a525c37860
Event: 4.366 Thread 0x000002a525dfd9c0 Thread added: 0x000002a525dfd9c0
Event: 4.412 Thread 0x000002a525dfd9c0 Thread exited: 0x000002a525dfd9c0
Event: 5.060 Thread 0x000002a525c06580 Thread exited: 0x000002a525c06580
Event: 6.478 Thread 0x000002a527d54710 Thread added: 0x000002a527d54710
Event: 7.548 Thread 0x000002a5269bc5f0 Thread added: 0x000002a5269bc5f0
Event: 7.550 Thread 0x000002a5267b08c0 Thread added: 0x000002a5267b08c0
Event: 7.560 Thread 0x000002a528620060 Thread added: 0x000002a528620060
Event: 8.634 Thread 0x000002a527d54710 Thread exited: 0x000002a527d54710
Event: 8.940 Thread 0x000002a525c1aae0 Thread exited: 0x000002a525c1aae0
Event: 9.080 Thread 0x000002a525c1aae0 Thread added: 0x000002a525c1aae0
Event: 9.239 Thread 0x000002a525de05a0 Thread added: 0x000002a525de05a0
Event: 9.345 Thread 0x000002a525de1040 Thread added: 0x000002a525de1040
Event: 9.457 Thread 0x000002a529265cb0 Thread added: 0x000002a529265cb0


Dynamic libraries:
0x00007ff6d0010000 - 0x00007ff6d001e000 	C:\Users\phearin.yeun\.jdks\openjdk-19\bin\java.exe
0x00007ffad76c0000 - 0x00007ffad78c9000 	C:\WINDOWS\SYSTEM32\ntdll.dll
0x00007ffad5bb0000 - 0x00007ffad5c6e000 	C:\WINDOWS\System32\KERNEL32.DLL
0x00007ffad5000000 - 0x00007ffad537b000 	C:\WINDOWS\System32\KERNELBASE.dll
0x00007ffad4da0000 - 0x00007ffad4eb1000 	C:\WINDOWS\System32\ucrtbase.dll
0x00007ffac83c0000 - 0x00007ffac83d7000 	C:\Users\phearin.yeun\.jdks\openjdk-19\bin\jli.dll
0x00007ffac01e0000 - 0x00007ffac01fb000 	C:\Users\phearin.yeun\.jdks\openjdk-19\bin\VCRUNTIME140.dll
0x00007ffad6ad0000 - 0x00007ffad6c7d000 	C:\WINDOWS\System32\USER32.dll
0x00007ffad4c00000 - 0x00007ffad4c26000 	C:\WINDOWS\System32\win32u.dll
0x00007ffabd5a0000 - 0x00007ffabd845000 	C:\WINDOWS\WinSxS\amd64_microsoft.windows.common-controls_6595b64144ccf1df_6.0.22000.120_none_9d947278b86cc467\COMCTL32.dll
0x00007ffad60a0000 - 0x00007ffad60c9000 	C:\WINDOWS\System32\GDI32.dll
0x00007ffad53f0000 - 0x00007ffad5508000 	C:\WINDOWS\System32\gdi32full.dll
0x00007ffad5e60000 - 0x00007ffad5f03000 	C:\WINDOWS\System32\msvcrt.dll
0x00007ffad4b60000 - 0x00007ffad4bfd000 	C:\WINDOWS\System32\msvcp_win.dll
0x00007ffad56b0000 - 0x00007ffad56e2000 	C:\WINDOWS\System32\IMM32.DLL
0x00007ffacc9c0000 - 0x00007ffacc9cc000 	C:\Users\phearin.yeun\.jdks\openjdk-19\bin\vcruntime140_1.dll
0x00007ffaba8e0000 - 0x00007ffaba96e000 	C:\Users\phearin.yeun\.jdks\openjdk-19\bin\msvcp140.dll
0x00007ffab4060000 - 0x00007ffab4d20000 	C:\Users\phearin.yeun\.jdks\openjdk-19\bin\server\jvm.dll
0x00007ffad5cf0000 - 0x00007ffad5d9e000 	C:\WINDOWS\System32\ADVAPI32.dll
0x00007ffad5da0000 - 0x00007ffad5e3e000 	C:\WINDOWS\System32\sechost.dll
0x00007ffad7530000 - 0x00007ffad7650000 	C:\WINDOWS\System32\RPCRT4.dll
0x00007ffac7b20000 - 0x00007ffac7b2a000 	C:\WINDOWS\SYSTEM32\VERSION.dll
0x00007ffac7cb0000 - 0x00007ffac7ce3000 	C:\WINDOWS\SYSTEM32\WINMM.dll
0x00007ffaaad40000 - 0x00007ffaaad49000 	C:\WINDOWS\SYSTEM32\WSOCK32.dll
0x00007ffad56f0000 - 0x00007ffad575f000 	C:\WINDOWS\System32\WS2_32.dll
0x00007ffad3ac0000 - 0x00007ffad3ad8000 	C:\WINDOWS\SYSTEM32\kernel.appcore.dll
0x00007ffac9f00000 - 0x00007ffac9f0a000 	C:\Users\phearin.yeun\.jdks\openjdk-19\bin\jimage.dll
0x00007ffacf030000 - 0x00007ffacf251000 	C:\WINDOWS\SYSTEM32\DBGHELP.DLL
0x00007ffaac0d0000 - 0x00007ffaac101000 	C:\WINDOWS\SYSTEM32\dbgcore.DLL
0x00007ffad4ec0000 - 0x00007ffad4f3f000 	C:\WINDOWS\System32\bcryptPrimitives.dll
0x00007ffabc060000 - 0x00007ffabc09c000 	C:\Users\phearin.yeun\.jdks\openjdk-19\bin\jdwp.dll
0x00007ffac01b0000 - 0x00007ffac01be000 	C:\Users\phearin.yeun\.jdks\openjdk-19\bin\instrument.dll
0x00007ffabebc0000 - 0x00007ffabebe6000 	C:\Users\phearin.yeun\.jdks\openjdk-19\bin\java.dll
0x00007ffabd560000 - 0x00007ffabd578000 	C:\Users\phearin.yeun\.jdks\openjdk-19\bin\zip.dll
0x00007ffaba800000 - 0x00007ffaba8d7000 	C:\Users\phearin.yeun\.jdks\openjdk-19\bin\jsvml.dll
0x00007ffad6d70000 - 0x00007ffad7527000 	C:\WINDOWS\System32\SHELL32.dll
0x00007ffad2b30000 - 0x00007ffad3395000 	C:\WINDOWS\SYSTEM32\windows.storage.dll
0x00007ffad6630000 - 0x00007ffad69a8000 	C:\WINDOWS\System32\combase.dll
0x00007ffad29c0000 - 0x00007ffad2b26000 	C:\WINDOWS\SYSTEM32\wintypes.dll
0x00007ffad5a40000 - 0x00007ffad5b2a000 	C:\WINDOWS\System32\SHCORE.dll
0x00007ffad6a70000 - 0x00007ffad6acd000 	C:\WINDOWS\System32\shlwapi.dll
0x00007ffad4a90000 - 0x00007ffad4ab1000 	C:\WINDOWS\SYSTEM32\profapi.dll
0x00007ffabf310000 - 0x00007ffabf31c000 	C:\Users\phearin.yeun\.jdks\openjdk-19\bin\dt_socket.dll
0x00007ffad35f0000 - 0x00007ffad361d000 	C:\WINDOWS\SYSTEM32\IPHLPAPI.DLL
0x00007ffad4080000 - 0x00007ffad40e7000 	C:\WINDOWS\system32\mswsock.dll
0x00007ffabe990000 - 0x00007ffabe9a3000 	C:\Users\phearin.yeun\.jdks\openjdk-19\bin\net.dll
0x00007ffad3ae0000 - 0x00007ffad3bf4000 	C:\WINDOWS\SYSTEM32\WINHTTP.dll
0x00007ffabd580000 - 0x00007ffabd596000 	C:\Users\phearin.yeun\.jdks\openjdk-19\bin\nio.dll
0x00007ffac8370000 - 0x00007ffac8380000 	C:\Users\phearin.yeun\.jdks\openjdk-19\bin\verify.dll
0x00007ffabe980000 - 0x00007ffabe98a000 	C:\Users\phearin.yeun\.jdks\openjdk-19\bin\management.dll
0x00007ffabe340000 - 0x00007ffabe34b000 	C:\Users\phearin.yeun\.jdks\openjdk-19\bin\management_ext.dll
0x00007ffad5e50000 - 0x00007ffad5e58000 	C:\WINDOWS\System32\PSAPI.DLL
0x00007ffac10a0000 - 0x00007ffac10b7000 	C:\WINDOWS\system32\napinsp.dll
0x00007ffac1100000 - 0x00007ffac111b000 	C:\WINDOWS\system32\pnrpnsp.dll
0x00007ffad3620000 - 0x00007ffad3708000 	C:\WINDOWS\SYSTEM32\DNSAPI.dll
0x00007ffad5e40000 - 0x00007ffad5e49000 	C:\WINDOWS\System32\NSI.dll
0x00007ffac10e0000 - 0x00007ffac10f2000 	C:\WINDOWS\System32\winrnr.dll
0x00007ffac1b90000 - 0x00007ffac1ba5000 	C:\WINDOWS\system32\wshbth.dll
0x00007ffac10c0000 - 0x00007ffac10df000 	C:\WINDOWS\system32\nlansp_c.dll
0x00007ffac21f0000 - 0x00007ffac21fa000 	C:\Windows\System32\rasadhlp.dll
0x00007ffac9b40000 - 0x00007ffac9bc1000 	C:\WINDOWS\System32\fwpuclnt.dll
0x00007ffad42c0000 - 0x00007ffad42d8000 	C:\WINDOWS\SYSTEM32\CRYPTSP.dll
0x00007ffad3a20000 - 0x00007ffad3a55000 	C:\WINDOWS\system32\rsaenh.dll
0x00007ffad4170000 - 0x00007ffad4199000 	C:\WINDOWS\SYSTEM32\USERENV.dll
0x00007ffad4450000 - 0x00007ffad4477000 	C:\WINDOWS\SYSTEM32\bcrypt.dll
0x00007ffad42e0000 - 0x00007ffad42ec000 	C:\WINDOWS\SYSTEM32\CRYPTBASE.dll
0x00007ffac8bf0000 - 0x00007ffac8c09000 	C:\WINDOWS\SYSTEM32\dhcpcsvc6.DLL
0x00007ffac89f0000 - 0x00007ffac8a0e000 	C:\WINDOWS\SYSTEM32\dhcpcsvc.DLL
0x00007ffabe020000 - 0x00007ffabe02e000 	C:\Users\phearin.yeun\.jdks\openjdk-19\bin\sunmscapi.dll
0x00007ffad4c30000 - 0x00007ffad4d92000 	C:\WINDOWS\System32\CRYPT32.dll
0x00007ffad4420000 - 0x00007ffad4448000 	C:\WINDOWS\SYSTEM32\ncrypt.dll
0x00007ffad43e0000 - 0x00007ffad4417000 	C:\WINDOWS\SYSTEM32\NTASN1.dll
0x00007ffac96d0000 - 0x00007ffac96d8000 	C:\Users\phearin.yeun\.jdks\openjdk-19\bin\extnet.dll

dbghelp: loaded successfully - version: 4.0.5 - missing functions: none
symbol engine: initialized successfully - sym options: 0x614 - pdb path: .;C:\Users\phearin.yeun\.jdks\openjdk-19\bin;C:\WINDOWS\SYSTEM32;C:\WINDOWS\WinSxS\amd64_microsoft.windows.common-controls_6595b64144ccf1df_6.0.22000.120_none_9d947278b86cc467;C:\Users\phearin.yeun\.jdks\openjdk-19\bin\server

VM Arguments:
jvm_args: -agentlib:jdwp=transport=dt_socket,address=127.0.0.1:56451,suspend=y,server=n -javaagent:C:\Users\phearin.yeun\AppData\Local\JetBrains\IdeaIC2022.2\captureAgent\debugger-agent.jar -Dfile.encoding=UTF-8 
java_command: com.sbilh.bank.SBIWEBSITE.SbiWebsiteApplication
java_class_path (initial): D:\Development\SBI-WEBSITE\SBI-WEBSITE\target\classes;C:\Users\phearin.yeun\.m2\repository\org\springframework\boot\spring-boot-starter-data-jpa\2.7.5\spring-boot-starter-data-jpa-2.7.5.jar;C:\Users\phearin.yeun\.m2\repository\org\springframework\boot\spring-boot-starter-aop\2.7.5\spring-boot-starter-aop-2.7.5.jar;C:\Users\phearin.yeun\.m2\repository\org\aspectj\aspectjweaver\1.9.7\aspectjweaver-1.9.7.jar;C:\Users\phearin.yeun\.m2\repository\org\springframework\boot\spring-boot-starter-jdbc\2.7.5\spring-boot-starter-jdbc-2.7.5.jar;C:\Users\phearin.yeun\.m2\repository\com\zaxxer\HikariCP\4.0.3\HikariCP-4.0.3.jar;C:\Users\phearin.yeun\.m2\repository\org\springframework\spring-jdbc\5.3.23\spring-jdbc-5.3.23.jar;C:\Users\phearin.yeun\.m2\repository\jakarta\transaction\jakarta.transaction-api\1.3.3\jakarta.transaction-api-1.3.3.jar;C:\Users\phearin.yeun\.m2\repository\jakarta\persistence\jakarta.persistence-api\2.2.3\jakarta.persistence-api-2.2.3.jar;C:\Users\phearin.yeun\.m2\repository\org\hibernate\hibernate-core\5.6.12.Final\hibernate-core-5.6.12.Final.jar;C:\Users\phearin.yeun\.m2\repository\antlr\antlr\2.7.7\antlr-2.7.7.jar;C:\Users\phearin.yeun\.m2\repository\org\springframework\data\spring-data-jpa\2.7.5\spring-data-jpa-2.7.5.jar;C:\Users\phearin.yeun\.m2\repository\org\springframework\data\spring-data-commons\2.7.5\spring-data-commons-2.7.5.jar;C:\Users\phearin.yeun\.m2\repository\org\springframework\spring-orm\5.3.23\spring-orm-5.3.23.jar;C:\Users\phearin.yeun\.m2\repository\org\springframework\spring-context\5.3.23\spring-context-5.3.23.jar;C:\Users\phearin.yeun\.m2\repository\org\springframework\spring-tx\5.3.23\spring-tx-5.3.23.jar;C:\Users\phearin.yeun\.m2\repository\org\springframework\spring-beans\5.3.23\spring-beans-5.3.23.jar;C:\Users\phearin.yeun\.m2\repository\org\slf4j\slf4j-api\1.7.36\slf4j-api-1.7.36.jar;C:\Users\phearin.yeun\.m2\repository\org\springframework\spring-aspects\5.3.23\spring-aspects-5.3.23.jar;C:\Users\phearin.yeun\.m2\repository\org\springframework\boot\spring-boot-starter-web\2.7.5\spring-boot-starter-web-2.7.5.jar;C:\Users\phearin.yeun\.m2\repository\org\springframework\boot\spring-boot-starter\2.7.5\spring-boot-starter-2.7.5.jar;C:\Users\phearin.yeun\.m2\repository\org\springframework\boot\spring-boot\2.7.5\spring-boot-2.7.5.jar;C:\Users\phearin.yeun\.m2\repository\org\springframework\boot\spring-boot-autoconfigure\2.7.5\spring-boot-autoconfigure-2.7.5.jar;C:\Users\phearin.yeun\.m2\repository\org\springframework\boot\spring-boot-starter-logging\2.7.5\spring-boot-starter-logging-2.7.5.jar;C:\Users\phearin.yeun\.m2\repository\ch\qos\logback\logback-classic\1.2.11\logback-classic-1.2.11.jar;C:\Users\phearin.yeun\.m2\repository\ch\qos\logback\logback-core\1.2.11\logback-core-1.2.11.jar;C:\Users\phearin.yeun\.m2\repository\org\apache\logging\log4j\log4j-to-slf4j\2.17.2\log4j-to-slf4j-2.17.2.jar;C:\Users\phearin.yeun\.m2\repository\org\apache\logging\log4j\log4j-api\2.17.2\log4j-api-2.17.2.jar;C:\Users\phearin.yeun\.m2\repository\org\slf4j\jul-to-slf4j\1.7.36\jul-to-slf4j-1.7.36.jar;C:\Users\phearin.yeun\.m2\repository\jakarta\annotation\jakarta.annotation-api\1.3.5\jakarta.annotation-api-1.3.5.jar;C:\Users\phearin.yeun\.m2\repository\org\yaml\snakeyaml\1.30\snakeyaml-1.30.jar;C:\Users\phearin.yeun\.m2\repository\org\springframework\boot\spring-boot-starter-json\2.7.5\spring-boot-starter-json-2.7.5.jar;C:\Users\phearin.yeun\.m2\repository\com\fasterxml\jackson\datatype\jackson-datatype-jdk8\2.13.4\jackson-datatype-jdk8-2.13.4.jar;C:\Users\phearin.yeun\.m2\repository\com\fasterxml\jackson\datatype\jackson-datatype-jsr310\2.13.4\jackson-datatype-jsr310-2.13.4.jar;C:\Users\phearin.yeun\.m2\repository\com\fasterxml\jackson\module\jackson-module-parameter-names\2.13.4\jackson-module-parameter-names-2.13.4.jar;C:\Users\phearin.yeun\.m2\repository\org\springframework\boot\spring-boot-starter-tomcat\2.7.5\spring-boot-starter-tomcat-2.7.5.jar;C:\Users\phearin.yeun\.m2\repository\org\apache\tomcat\embed\tomcat-embed-core\9.0.68\tomcat-embed-core-9.0.68.jar;C:\Users\phearin.yeun\.m2\repository\org\apache\tomcat\embed\tomcat-embed-websocket\9.0.68\tomcat-embed-websocket-9.0.68.jar;C:\Users\phearin.yeun\.m2\repository\org\springframework\spring-web\5.3.23\spring-web-5.3.23.jar;C:\Users\phearin.yeun\.m2\repository\org\springframework\spring-webmvc\5.3.23\spring-webmvc-5.3.23.jar;C:\Users\phearin.yeun\.m2\repository\org\springframework\spring-expression\5.3.23\spring-expression-5.3.23.jar;C:\Users\phearin.yeun\.m2\repository\org\springframework\boot\spring-boot-starter-validation\2.7.5\spring-boot-starter-validation-2.7.5.jar;C:\Users\phearin.yeun\.m2\repository\org\apache\tomcat\embed\tomcat-embed-el\9.0.68\tomcat-embed-el-9.0.68.jar;C:\Users\phearin.yeun\.m2\repository\org\postgresql\postgresql\42.3.7\postgresql-42.3.7.jar;C:\Users\phearin.yeun\.m2\repository\org\checkerframework\checker-qual\3.5.0\checker-qual-3.5.0.jar;C:\Users\phearin.yeun\.m2\repository\org\jboss\logging\jboss-logging\3.4.3.Final\jboss-logging-3.4.3.Final.jar;C:\Users\phearin.yeun\.m2\repository\org\hibernate\common\hibernate-commons-annotations\6.0.2.Final\hibernate-commons-annotations-6.0.2.Final.jar;C:\Users\phearin.yeun\.m2\repository\org\jboss\jandex\2.4.2.Final\jandex-2.4.2.Final.jar;C:\Users\phearin.yeun\.m2\repository\com\fasterxml\classmate\1.5.1\classmate-1.5.1.jar;C:\Users\phearin.yeun\.m2\repository\net\bytebuddy\byte-buddy\1.12.18\byte-buddy-1.12.18.jar;C:\Users\phearin.yeun\.m2\repository\jakarta\xml\bind\jakarta.xml.bind-api\2.3.3\jakarta.xml.bind-api-2.3.3.jar;C:\Users\phearin.yeun\.m2\repository\jakarta\activation\jakarta.activation-api\1.2.2\jakarta.activation-api-1.2.2.jar;C:\Users\phearin.yeun\.m2\repository\org\glassfish\jaxb\jaxb-runtime\2.3.7\jaxb-runtime-2.3.7.jar;C:\Users\phearin.yeun\.m2\repository\org\glassfish\jaxb\txw2\2.3.7\txw2-2.3.7.jar;C:\Users\phearin.yeun\.m2\repository\com\sun\istack\istack-commons-runtime\3.0.12\istack-commons-runtime-3.0.12.jar;C:\Users\phearin.yeun\.m2\repository\com\sun\activation\jakarta.activation\1.2.2\jakarta.activation-1.2.2.jar;C:\Users\phearin.yeun\.m2\repository\jakarta\inject\jakarta.inject-api\2.0.0\jakarta.inject-api-2.0.0.jar;C:\Users\phearin.yeun\.m2\repository\org\antlr\antlr4-runtime\4.10.1\antlr4-runtime-4.10.1.jar;C:\Users\phearin.yeun\.m2\repository\org\hibernate\javax\persistence\hibernate-jpa-2.1-api\1.0.2.Final\hibernate-jpa-2.1-api-1.0.2.Final.jar;C:\Users\phearin.yeun\.m2\repository\org\hibernate\validator\hibernate-validator\8.0.0.Final\hibernate-validator-8.0.0.Final.jar;C:\Users\phearin.yeun\.m2\repository\jakarta\validation\jakarta.validation-api\2.0.2\jakarta.validation-api-2.0.2.jar;C:\Users\phearin.yeun\.m2\repository\org\springframework\boot\spring-boot-starter-thymeleaf\2.7.5\spring-boot-starter-thymeleaf-2.7.5.jar;C:\Users\phearin.yeun\.m2\repository\org\thymeleaf\thymeleaf-spring5\3.0.15.RELEASE\thymeleaf-spring5-3.0.15.RELEASE.jar;C:\Users\phearin.yeun\.m2\repository\org\thymeleaf\thymeleaf\3.0.15.RELEASE\thymeleaf-3.0.15.RELEASE.jar;C:\Users\phearin.yeun\.m2\repository\org\attoparser\attoparser\2.0.5.RELEASE\attoparser-2.0.5.RELEASE.jar;C:\Users\phearin.yeun\.m2\repository\org\unbescape\unbescape\1.1.6.RELEASE\unbescape-1.1.6.RELEASE.jar;C:\Users\phearin.yeun\.m2\repository\org\thymeleaf\extras\thymeleaf-extras-java8time\3.0.4.RELEASE\thymeleaf-extras-java8time-3.0.4.RELEASE.jar;C:\Users\phearin.yeun\.m2\repository\org\springframework\boot\spring-boot-starter-security\2.7.5\spring-boot-starter-security-2.7.5.jar;C:\Users\phearin.yeun\.m2\repository\org\springframework\spring-aop\5.3.23\spring-aop-5.3.23.jar;C:\Users\phearin.yeun\.m2\repository\org\springframework\security\spring-security-config\5.7.4\spring-security-config-5.7.4.jar;C:\Users\phearin.yeun\.m2\repository\org\springframework\security\spring-security-core\5.7.4\spring-security-core-5.7.4.jar;C:\Users\phearin.yeun\.m2\repository\org\springframework\security\spring-security-crypto\5.7.4\spring-security-crypto-5.7.4.jar;C:\Users\phearin.yeun\.m2\repository\org\springframework\security\spring-security-web\5.7.4\spring-security-web-5.7.4.jar;C:\Users\phearin.yeun\.m2\repository\io\jsonwebtoken\jjwt\0.9.1\jjwt-0.9.1.jar;C:\Users\phearin.yeun\.m2\repository\com\fasterxml\jackson\core\jackson-databind\2.13.4.2\jackson-databind-2.13.4.2.jar;C:\Users\phearin.yeun\.m2\repository\com\fasterxml\jackson\core\jackson-annotations\2.13.4\jackson-annotations-2.13.4.jar;C:\Users\phearin.yeun\.m2\repository\com\fasterxml\jackson\core\jackson-core\2.13.4\jackson-core-2.13.4.jar;C:\Users\phearin.yeun\.m2\repository\org\glassfish\javax.el\3.0.0\javax.el-3.0.0.jar;C:\Users\phearin.yeun\.m2\repository\org\springframework\spring-core\5.3.23\spring-core-5.3.23.jar;C:\Users\phearin.yeun\.m2\repository\org\springframework\spring-jcl\5.3.23\spring-jcl-5.3.23.jar;C:\Program Files\JetBrains\IntelliJ IDEA Community Edition 2022.2\lib\idea_rt.jar
Launcher Type: SUN_STANDARD

[Global flags]
     intx CICompilerCount                          = 4                                         {product} {ergonomic}
     uint ConcGCThreads                            = 2                                         {product} {ergonomic}
     uint G1ConcRefinementThreads                  = 8                                         {product} {ergonomic}
   size_t G1HeapRegionSize                         = 1048576                                   {product} {ergonomic}
    uintx GCDrainStackTargetSize                   = 64                                        {product} {ergonomic}
   size_t InitialHeapSize                          = 132120576                                 {product} {ergonomic}
   size_t MarkStackSize                            = 4194304                                   {product} {ergonomic}
   size_t MaxHeapSize                              = 2086666240                                {product} {ergonomic}
   size_t MaxNewSize                               = 1251999744                                {product} {ergonomic}
   size_t MinHeapDeltaBytes                        = 1048576                                   {product} {ergonomic}
   size_t MinHeapSize                              = 8388608                                   {product} {ergonomic}
    uintx NonNMethodCodeHeapSize                   = 5839372                                {pd product} {ergonomic}
    uintx NonProfiledCodeHeapSize                  = 122909434                              {pd product} {ergonomic}
    uintx ProfiledCodeHeapSize                     = 122909434                              {pd product} {ergonomic}
    uintx ReservedCodeCacheSize                    = 251658240                              {pd product} {ergonomic}
     bool SegmentedCodeCache                       = true                                      {product} {ergonomic}
   size_t SoftMaxHeapSize                          = 2086666240                             {manageable} {ergonomic}
     bool UseCompressedClassPointers               = true                           {product lp64_product} {ergonomic}
     bool UseCompressedOops                        = true                           {product lp64_product} {ergonomic}
     bool UseG1GC                                  = true                                      {product} {ergonomic}
     bool UseLargePagesIndividualAllocation        = false                                  {pd product} {ergonomic}

Logging:
Log output configuration:
 #0: stdout all=warning uptime,level,tags foldmultilines=false
 #1: stderr all=off uptime,level,tags foldmultilines=false

Environment Variables:
PATH=C:\Program Files\Common Files\Oracle\Java\javapath;C:\WINDOWS\system32;C:\WINDOWS;C:\WINDOWS\System32\Wbem;C:\WINDOWS\System32\WindowsPowerShell\v1.0\;C:\WINDOWS\System32\OpenSSH\;C:\Program Files (x86)\HP\Common\HPDestPlgIn\;C:\Program Files (x86)\HP\IdrsOCR_15.3.1129.0\;C:\Users\phearin.yeun\AppData\Local\Microsoft\WindowsApps;C:\Users\phearin.yeun\AppData\Local\Programs\Microsoft VS Code\bin;C:\Users\phearin.yeun\AppData\Local\Programs\Git\cmd
USERNAME=phearin.yeun
OS=Windows_NT
PROCESSOR_IDENTIFIER=Intel64 Family 6 Model 142 Stepping 12, GenuineIntel
TMP=C:\Users\PHEARI~1.YEU\AppData\Local\Temp
TEMP=C:\Users\PHEARI~1.YEU\AppData\Local\Temp



---------------  S Y S T E M  ---------------

OS:
 Windows 11 , 64 bit Build 22000 (10.0.22000.1335)
OS uptime: 0 days 17:27 hours

CPU: total 8 (initial active 8) (4 cores per cpu, 2 threads per core) family 6 model 142 stepping 12 microcode 0xec, cx8, cmov, fxsr, ht, mmx, 3dnowpref, sse, sse2, sse3, ssse3, sse4.1, sse4.2, popcnt, lzcnt, tsc, tscinvbit, avx, avx2, aes, erms, clmul, bmi1, bmi2, adx, fma, vzeroupper, clflush, clflushopt, rdtscp

Memory: 4k page, system-wide physical 7952M (1061M free)
TotalPageFile size 14409M (AvailPageFile size 42M)
current process WorkingSet (physical memory assigned to process): 227M, peak: 229M
current process commit charge ("private bytes"): 265M, peak: 270M

vm_info: OpenJDK 64-Bit Server VM (19+36-2238) for windows-amd64 JRE (19+36-2238), built on 2022-08-12T20:29:01Z by "mach5one" with MS VC++ 17.1 (VS2022)

END.
