2022-12-20 11:28:30.934  INFO 10296 --- [main] c.s.b.SBIWEBSITE.SbiWebsiteApplication   : Starting SbiWebsiteApplication using Java 19 on LS-LAP-10 with PID 10296 (D:\Development\SBI-WEBSITE\SBI-WEBSITE\target\classes started by phearin.yeun in D:\Development\SBI-WEBSITE\SBI-WEBSITE)
2022-12-20 11:28:30.952  INFO 10296 --- [main] c.s.b.SBIWEBSITE.SbiWebsiteApplication   : No active profile set, falling back to 1 default profile: "default"
2022-12-20 11:28:32.257  INFO 10296 --- [main] .s.d.r.c.RepositoryConfigurationDelegate : Bootstrapping Spring Data JPA repositories in DEFAULT mode.
2022-12-20 11:28:32.418  INFO 10296 --- [main] .s.d.r.c.RepositoryConfigurationDelegate : Finished Spring Data repository scanning in 141 ms. Found 7 JPA repository interfaces.
2022-12-20 11:28:33.613  INFO 10296 --- [main] o.s.b.w.embedded.tomcat.TomcatWebServer  : Tomcat initialized with port(s): 8080 (http)
2022-12-20 11:28:33.631  INFO 10296 --- [main] o.apache.catalina.core.StandardService   : Starting service [Tomcat]
2022-12-20 11:28:33.631  INFO 10296 --- [main] org.apache.catalina.core.StandardEngine  : Starting Servlet engine: [Apache Tomcat/9.0.68]
2022-12-20 11:28:33.907  INFO 10296 --- [main] o.a.c.c.C.[Tomcat].[localhost].[/]       : Initializing Spring embedded WebApplicationContext
2022-12-20 11:28:33.908  INFO 10296 --- [main] w.s.c.ServletWebServerApplicationContext : Root WebApplicationContext: initialization completed in 2854 ms
2022-12-20 11:28:34.247  INFO 10296 --- [main] o.hibernate.jpa.internal.util.LogHelper  : HHH000204: Processing PersistenceUnitInfo [name: default]
2022-12-20 11:28:34.356  INFO 10296 --- [main] org.hibernate.Version                    : HHH000412: Hibernate ORM core version 5.6.12.Final
2022-12-20 11:28:34.850  INFO 10296 --- [main] com.zaxxer.hikari.HikariDataSource       : HikariPool-1 - Starting...
2022-12-20 11:28:35.310  INFO 10296 --- [main] com.zaxxer.hikari.HikariDataSource       : HikariPool-1 - Start completed.
2022-12-20 11:28:35.340  INFO 10296 --- [main] org.hibernate.dialect.Dialect            : HHH000400: Using dialect: org.hibernate.dialect.PostgreSQLDialect
2022-12-20 11:28:36.658  INFO 10296 --- [main] o.h.e.t.j.p.i.JtaPlatformInitiator       : HHH000490: Using JtaPlatform implementation: [org.hibernate.engine.transaction.jta.platform.internal.NoJtaPlatform]
2022-12-20 11:28:36.670  INFO 10296 --- [main] j.LocalContainerEntityManagerFactoryBean : Initialized JPA EntityManagerFactory for persistence unit 'default'
2022-12-20 11:28:37.796  WARN 10296 --- [main] .s.s.UserDetailsServiceAutoConfiguration : 

Using generated security password: 6247612e-0f52-4046-aab7-0964a71a9a90

This generated password is for development use only. Your security configuration must be updated before running your application in production.

2022-12-20 11:28:37.975  INFO 10296 --- [main] o.s.s.web.DefaultSecurityFilterChain     : Will secure any request with [org.springframework.security.web.session.DisableEncodeUrlFilter@5dd227b7, org.springframework.security.web.context.request.async.WebAsyncManagerIntegrationFilter@3d3b852e, org.springframework.security.web.context.SecurityContextPersistenceFilter@6ad26381, org.springframework.security.web.header.HeaderWriterFilter@364c93e6, org.springframework.security.web.authentication.logout.LogoutFilter@3aed692d, org.springframework.security.web.authentication.UsernamePasswordAuthenticationFilter@42e4431, org.springframework.security.web.savedrequest.RequestCacheAwareFilter@f5167f0, org.springframework.security.web.servletapi.SecurityContextHolderAwareRequestFilter@1260c85e, org.springframework.security.web.authentication.AnonymousAuthenticationFilter@14ba7f15, org.springframework.security.web.session.SessionManagementFilter@66a8ff6d, org.springframework.security.web.access.ExceptionTranslationFilter@79bf39e5, org.springframework.security.web.access.intercept.FilterSecurityInterceptor@7120daa6]
2022-12-20 11:28:38.065  WARN 10296 --- [main] JpaBaseConfiguration$JpaWebConfiguration : spring.jpa.open-in-view is enabled by default. Therefore, database queries may be performed during view rendering. Explicitly configure spring.jpa.open-in-view to disable this warning
2022-12-20 11:28:38.720  INFO 10296 --- [main] o.s.b.w.embedded.tomcat.TomcatWebServer  : Tomcat started on port(s): 8080 (http) with context path ''
2022-12-20 11:28:38.734  INFO 10296 --- [main] c.s.b.SBIWEBSITE.SbiWebsiteApplication   : Started SbiWebsiteApplication in 8.768 seconds (JVM running for 9.925)
2022-12-20 11:29:28.216  INFO 10296 --- [http-nio-8080-exec-1] o.a.c.c.C.[Tomcat].[localhost].[/]       : Initializing Spring DispatcherServlet 'dispatcherServlet'
2022-12-20 11:29:28.217  INFO 10296 --- [http-nio-8080-exec-1] o.s.web.servlet.DispatcherServlet        : Initializing Servlet 'dispatcherServlet'
2022-12-20 11:29:28.222  INFO 10296 --- [http-nio-8080-exec-1] o.s.web.servlet.DispatcherServlet        : Completed initialization in 4 ms
2022-12-20 11:30:13.536  INFO 10296 --- [http-nio-8080-exec-3] c.s.b.S.s.impl.MobileBankingServiceImpl  : Success update MobileBankingModel(Id=2, name=test, description=In just a few minutes, you can open your first SBI LY HOUR account via SBILH Mobile. This means there is no need to fill out paperwork, go to the branch, or wait., image=test)
2022-12-20 11:30:48.863  INFO 10296 --- [http-nio-8080-exec-4] c.s.b.S.s.impl.MobileBankingServiceImpl  : Success update MobileBankingModel(Id=2, name=test, description=In just a few minutes, you can open your first SBI LY HOUR account via SBILH Mobile. This means there is no need to fill out paperwork, go to the branch, or wait. Keeping your money safe and along with greatest interest rate with SBILH Bank. Now you can open your saving account with 3 types of currencies (KHR, USD, THB) via SBILH Mobile App. Open SBILH Mobile and Click on “Open New Account” then follow the application’s instruction., image=test)
2022-12-20 11:34:49.392  INFO 10296 --- [SpringApplicationShutdownHook] j.LocalContainerEntityManagerFactoryBean : Closing JPA EntityManagerFactory for persistence unit 'default'
2022-12-20 11:34:49.395  INFO 10296 --- [SpringApplicationShutdownHook] com.zaxxer.hikari.HikariDataSource       : HikariPool-1 - Shutdown initiated...
2022-12-20 11:34:49.408  INFO 10296 --- [SpringApplicationShutdownHook] com.zaxxer.hikari.HikariDataSource       : HikariPool-1 - Shutdown completed.
2022-12-20 11:35:06.785  INFO 10184 --- [main] c.s.b.SBIWEBSITE.SbiWebsiteApplication   : Starting SbiWebsiteApplication using Java 19 on LS-LAP-10 with PID 10184 (D:\Development\SBI-WEBSITE\SBI-WEBSITE\target\classes started by phearin.yeun in D:\Development\SBI-WEBSITE\SBI-WEBSITE)
2022-12-20 11:35:06.790  INFO 10184 --- [main] c.s.b.SBIWEBSITE.SbiWebsiteApplication   : No active profile set, falling back to 1 default profile: "default"
2022-12-20 11:35:07.960  INFO 10184 --- [main] .s.d.r.c.RepositoryConfigurationDelegate : Bootstrapping Spring Data JPA repositories in DEFAULT mode.
2022-12-20 11:35:08.110  INFO 10184 --- [main] .s.d.r.c.RepositoryConfigurationDelegate : Finished Spring Data repository scanning in 130 ms. Found 7 JPA repository interfaces.
2022-12-20 11:35:09.319  INFO 10184 --- [main] o.s.b.w.embedded.tomcat.TomcatWebServer  : Tomcat initialized with port(s): 8080 (http)
2022-12-20 11:35:09.341  INFO 10184 --- [main] o.apache.catalina.core.StandardService   : Starting service [Tomcat]
2022-12-20 11:35:09.342  INFO 10184 --- [main] org.apache.catalina.core.StandardEngine  : Starting Servlet engine: [Apache Tomcat/9.0.68]
2022-12-20 11:35:09.599  INFO 10184 --- [main] o.a.c.c.C.[Tomcat].[localhost].[/]       : Initializing Spring embedded WebApplicationContext
2022-12-20 11:35:09.599  INFO 10184 --- [main] w.s.c.ServletWebServerApplicationContext : Root WebApplicationContext: initialization completed in 2712 ms
2022-12-20 11:35:09.965  INFO 10184 --- [main] o.hibernate.jpa.internal.util.LogHelper  : HHH000204: Processing PersistenceUnitInfo [name: default]
2022-12-20 11:35:10.055  INFO 10184 --- [main] org.hibernate.Version                    : HHH000412: Hibernate ORM core version 5.6.12.Final
2022-12-20 11:35:10.594  INFO 10184 --- [main] com.zaxxer.hikari.HikariDataSource       : HikariPool-1 - Starting...
2022-12-20 11:35:11.061  INFO 10184 --- [main] com.zaxxer.hikari.HikariDataSource       : HikariPool-1 - Start completed.
2022-12-20 11:35:11.111  INFO 10184 --- [main] org.hibernate.dialect.Dialect            : HHH000400: Using dialect: org.hibernate.dialect.PostgreSQLDialect
2022-12-20 11:35:12.711  INFO 10184 --- [main] o.h.e.t.j.p.i.JtaPlatformInitiator       : HHH000490: Using JtaPlatform implementation: [org.hibernate.engine.transaction.jta.platform.internal.NoJtaPlatform]
2022-12-20 11:35:12.730  INFO 10184 --- [main] j.LocalContainerEntityManagerFactoryBean : Initialized JPA EntityManagerFactory for persistence unit 'default'
2022-12-20 11:35:13.937  WARN 10184 --- [main] .s.s.UserDetailsServiceAutoConfiguration : 

Using generated security password: 210cd1eb-9d89-4a23-86ca-d16919d9d5ae

This generated password is for development use only. Your security configuration must be updated before running your application in production.

2022-12-20 11:35:14.194  INFO 10184 --- [main] o.s.s.web.DefaultSecurityFilterChain     : Will secure any request with [org.springframework.security.web.session.DisableEncodeUrlFilter@cfc4601, org.springframework.security.web.context.request.async.WebAsyncManagerIntegrationFilter@240291d9, org.springframework.security.web.context.SecurityContextPersistenceFilter@776a3365, org.springframework.security.web.header.HeaderWriterFilter@4452e13c, org.springframework.security.web.authentication.logout.LogoutFilter@2b561f51, org.springframework.security.web.authentication.UsernamePasswordAuthenticationFilter@2e40ea48, org.springframework.security.web.savedrequest.RequestCacheAwareFilter@2e20c20b, org.springframework.security.web.servletapi.SecurityContextHolderAwareRequestFilter@1d167630, org.springframework.security.web.authentication.AnonymousAuthenticationFilter@450f0d89, org.springframework.security.web.session.SessionManagementFilter@42172065, org.springframework.security.web.access.ExceptionTranslationFilter@14d36bb2, org.springframework.security.web.access.intercept.FilterSecurityInterceptor@1322b542]
2022-12-20 11:35:14.300  WARN 10184 --- [main] JpaBaseConfiguration$JpaWebConfiguration : spring.jpa.open-in-view is enabled by default. Therefore, database queries may be performed during view rendering. Explicitly configure spring.jpa.open-in-view to disable this warning
2022-12-20 11:35:14.887  INFO 10184 --- [main] o.s.b.w.embedded.tomcat.TomcatWebServer  : Tomcat started on port(s): 8080 (http) with context path ''
2022-12-20 11:35:14.904  INFO 10184 --- [main] c.s.b.SBIWEBSITE.SbiWebsiteApplication   : Started SbiWebsiteApplication in 8.997 seconds (JVM running for 9.968)
2022-12-20 11:35:52.087  INFO 10184 --- [SpringApplicationShutdownHook] j.LocalContainerEntityManagerFactoryBean : Closing JPA EntityManagerFactory for persistence unit 'default'
2022-12-20 11:35:52.089  INFO 10184 --- [SpringApplicationShutdownHook] com.zaxxer.hikari.HikariDataSource       : HikariPool-1 - Shutdown initiated...
2022-12-20 11:35:52.095  INFO 10184 --- [SpringApplicationShutdownHook] com.zaxxer.hikari.HikariDataSource       : HikariPool-1 - Shutdown completed.
2022-12-20 11:35:58.242  INFO 7220 --- [main] c.s.b.SBIWEBSITE.SbiWebsiteApplication   : Starting SbiWebsiteApplication using Java 19 on LS-LAP-10 with PID 7220 (D:\Development\SBI-WEBSITE\SBI-WEBSITE\target\classes started by phearin.yeun in D:\Development\SBI-WEBSITE\SBI-WEBSITE)
2022-12-20 11:35:58.247  INFO 7220 --- [main] c.s.b.SBIWEBSITE.SbiWebsiteApplication   : No active profile set, falling back to 1 default profile: "default"
2022-12-20 11:35:59.463  INFO 7220 --- [main] .s.d.r.c.RepositoryConfigurationDelegate : Bootstrapping Spring Data JPA repositories in DEFAULT mode.
2022-12-20 11:35:59.625  INFO 7220 --- [main] .s.d.r.c.RepositoryConfigurationDelegate : Finished Spring Data repository scanning in 144 ms. Found 7 JPA repository interfaces.
2022-12-20 11:36:00.964  INFO 7220 --- [main] o.s.b.w.embedded.tomcat.TomcatWebServer  : Tomcat initialized with port(s): 8080 (http)
2022-12-20 11:36:00.985  INFO 7220 --- [main] o.apache.catalina.core.StandardService   : Starting service [Tomcat]
2022-12-20 11:36:00.986  INFO 7220 --- [main] org.apache.catalina.core.StandardEngine  : Starting Servlet engine: [Apache Tomcat/9.0.68]
2022-12-20 11:36:01.286  INFO 7220 --- [main] o.a.c.c.C.[Tomcat].[localhost].[/]       : Initializing Spring embedded WebApplicationContext
2022-12-20 11:36:01.287  INFO 7220 --- [main] w.s.c.ServletWebServerApplicationContext : Root WebApplicationContext: initialization completed in 2929 ms
2022-12-20 11:36:01.653  INFO 7220 --- [main] o.hibernate.jpa.internal.util.LogHelper  : HHH000204: Processing PersistenceUnitInfo [name: default]
2022-12-20 11:36:01.729  INFO 7220 --- [main] org.hibernate.Version                    : HHH000412: Hibernate ORM core version 5.6.12.Final
2022-12-20 11:36:02.170  INFO 7220 --- [main] com.zaxxer.hikari.HikariDataSource       : HikariPool-1 - Starting...
2022-12-20 11:36:02.583  INFO 7220 --- [main] com.zaxxer.hikari.HikariDataSource       : HikariPool-1 - Start completed.
2022-12-20 11:36:02.608  INFO 7220 --- [main] org.hibernate.dialect.Dialect            : HHH000400: Using dialect: org.hibernate.dialect.PostgreSQLDialect
2022-12-20 11:36:04.121  INFO 7220 --- [main] o.h.e.t.j.p.i.JtaPlatformInitiator       : HHH000490: Using JtaPlatform implementation: [org.hibernate.engine.transaction.jta.platform.internal.NoJtaPlatform]
2022-12-20 11:36:04.136  INFO 7220 --- [main] j.LocalContainerEntityManagerFactoryBean : Initialized JPA EntityManagerFactory for persistence unit 'default'
2022-12-20 11:36:05.404  WARN 7220 --- [main] .s.s.UserDetailsServiceAutoConfiguration : 

Using generated security password: 7e0d8931-cb02-4e9a-8c45-8978c79ad1a0

This generated password is for development use only. Your security configuration must be updated before running your application in production.

2022-12-20 11:36:05.584  INFO 7220 --- [main] o.s.s.web.DefaultSecurityFilterChain     : Will secure any request with [org.springframework.security.web.session.DisableEncodeUrlFilter@17e6d07b, org.springframework.security.web.context.request.async.WebAsyncManagerIntegrationFilter@318511f0, org.springframework.security.web.context.SecurityContextPersistenceFilter@38347345, org.springframework.security.web.header.HeaderWriterFilter@587400a9, org.springframework.security.web.authentication.logout.LogoutFilter@25e8a111, org.springframework.security.web.authentication.UsernamePasswordAuthenticationFilter@7c359808, org.springframework.security.web.savedrequest.RequestCacheAwareFilter@5ff29e8b, org.springframework.security.web.servletapi.SecurityContextHolderAwareRequestFilter@7acfcfc4, org.springframework.security.web.authentication.AnonymousAuthenticationFilter@53564a4c, org.springframework.security.web.session.SessionManagementFilter@7430ed93, org.springframework.security.web.access.ExceptionTranslationFilter@61d150af, org.springframework.security.web.access.intercept.FilterSecurityInterceptor@1f7557fe]
2022-12-20 11:36:05.689  WARN 7220 --- [main] JpaBaseConfiguration$JpaWebConfiguration : spring.jpa.open-in-view is enabled by default. Therefore, database queries may be performed during view rendering. Explicitly configure spring.jpa.open-in-view to disable this warning
2022-12-20 11:36:06.332  INFO 7220 --- [main] o.s.b.w.embedded.tomcat.TomcatWebServer  : Tomcat started on port(s): 8080 (http) with context path ''
2022-12-20 11:36:06.353  INFO 7220 --- [main] c.s.b.SBIWEBSITE.SbiWebsiteApplication   : Started SbiWebsiteApplication in 9.137 seconds (JVM running for 10.339)
2022-12-20 11:45:21.424  INFO 7220 --- [SpringApplicationShutdownHook] j.LocalContainerEntityManagerFactoryBean : Closing JPA EntityManagerFactory for persistence unit 'default'
2022-12-20 11:45:21.428  INFO 7220 --- [SpringApplicationShutdownHook] com.zaxxer.hikari.HikariDataSource       : HikariPool-1 - Shutdown initiated...
2022-12-20 11:45:21.447  INFO 7220 --- [SpringApplicationShutdownHook] com.zaxxer.hikari.HikariDataSource       : HikariPool-1 - Shutdown completed.
2022-12-20 11:45:31.832  INFO 17360 --- [main] c.s.b.SBIWEBSITE.SbiWebsiteApplication   : Starting SbiWebsiteApplication using Java 19 on LS-LAP-10 with PID 17360 (D:\Development\SBI-WEBSITE\SBI-WEBSITE\target\classes started by phearin.yeun in D:\Development\SBI-WEBSITE\SBI-WEBSITE)
2022-12-20 11:45:31.838  INFO 17360 --- [main] c.s.b.SBIWEBSITE.SbiWebsiteApplication   : No active profile set, falling back to 1 default profile: "default"
2022-12-20 11:45:33.081  INFO 17360 --- [main] .s.d.r.c.RepositoryConfigurationDelegate : Bootstrapping Spring Data JPA repositories in DEFAULT mode.
2022-12-20 11:45:33.351  INFO 17360 --- [main] .s.d.r.c.RepositoryConfigurationDelegate : Finished Spring Data repository scanning in 250 ms. Found 7 JPA repository interfaces.
2022-12-20 11:45:34.575  INFO 17360 --- [main] o.s.b.w.embedded.tomcat.TomcatWebServer  : Tomcat initialized with port(s): 8080 (http)
2022-12-20 11:45:34.600  INFO 17360 --- [main] o.apache.catalina.core.StandardService   : Starting service [Tomcat]
2022-12-20 11:45:34.601  INFO 17360 --- [main] org.apache.catalina.core.StandardEngine  : Starting Servlet engine: [Apache Tomcat/9.0.68]
2022-12-20 11:45:34.866  INFO 17360 --- [main] o.a.c.c.C.[Tomcat].[localhost].[/]       : Initializing Spring embedded WebApplicationContext
2022-12-20 11:45:34.867  INFO 17360 --- [main] w.s.c.ServletWebServerApplicationContext : Root WebApplicationContext: initialization completed in 2925 ms
2022-12-20 11:45:35.214  INFO 17360 --- [main] o.hibernate.jpa.internal.util.LogHelper  : HHH000204: Processing PersistenceUnitInfo [name: default]
2022-12-20 11:45:35.312  INFO 17360 --- [main] org.hibernate.Version                    : HHH000412: Hibernate ORM core version 5.6.12.Final
2022-12-20 11:45:35.831  INFO 17360 --- [main] com.zaxxer.hikari.HikariDataSource       : HikariPool-1 - Starting...
2022-12-20 11:45:36.294  INFO 17360 --- [main] com.zaxxer.hikari.HikariDataSource       : HikariPool-1 - Start completed.
2022-12-20 11:45:36.331  INFO 17360 --- [main] org.hibernate.dialect.Dialect            : HHH000400: Using dialect: org.hibernate.dialect.PostgreSQLDialect
2022-12-20 11:45:36.664  WARN 17360 --- [main] o.h.b.i.SessionFactoryOptionsBuilder     : Unrecognized hibernate.hbm2ddl.auto value: 'auto'.  Supported values include 'create', 'create-drop', 'create-only', 'drop', 'update', 'none' and 'validate'.  Ignoring
2022-12-20 11:45:37.686 ERROR 17360 --- [main] j.LocalContainerEntityManagerFactoryBean : Failed to initialize JPA EntityManagerFactory: [PersistenceUnit: default] Unable to build Hibernate SessionFactory; nested exception is java.lang.IllegalArgumentException: Unrecognized legacy `hibernate.hbm2ddl.auto` value : `auto`
2022-12-20 11:45:37.687  WARN 17360 --- [main] ConfigServletWebServerApplicationContext : Exception encountered during context initialization - cancelling refresh attempt: org.springframework.beans.factory.BeanCreationException: Error creating bean with name 'entityManagerFactory' defined in class path resource [org/springframework/boot/autoconfigure/orm/jpa/HibernateJpaConfiguration.class]: Invocation of init method failed; nested exception is javax.persistence.PersistenceException: [PersistenceUnit: default] Unable to build Hibernate SessionFactory; nested exception is java.lang.IllegalArgumentException: Unrecognized legacy `hibernate.hbm2ddl.auto` value : `auto`
2022-12-20 11:45:37.688  INFO 17360 --- [main] com.zaxxer.hikari.HikariDataSource       : HikariPool-1 - Shutdown initiated...
2022-12-20 11:45:37.739  INFO 17360 --- [main] com.zaxxer.hikari.HikariDataSource       : HikariPool-1 - Shutdown completed.
2022-12-20 11:45:37.743  INFO 17360 --- [main] o.apache.catalina.core.StandardService   : Stopping service [Tomcat]
2022-12-20 11:45:37.764  INFO 17360 --- [main] ConditionEvaluationReportLoggingListener : 

Error starting ApplicationContext. To display the conditions report re-run your application with 'debug' enabled.
2022-12-20 11:45:37.815 ERROR 17360 --- [main] o.s.boot.SpringApplication               : Application run failed

org.springframework.beans.factory.BeanCreationException: Error creating bean with name 'entityManagerFactory' defined in class path resource [org/springframework/boot/autoconfigure/orm/jpa/HibernateJpaConfiguration.class]: Invocation of init method failed; nested exception is javax.persistence.PersistenceException: [PersistenceUnit: default] Unable to build Hibernate SessionFactory; nested exception is java.lang.IllegalArgumentException: Unrecognized legacy `hibernate.hbm2ddl.auto` value : `auto`
	at org.springframework.beans.factory.support.AbstractAutowireCapableBeanFactory.initializeBean(AbstractAutowireCapableBeanFactory.java:1804) ~[spring-beans-5.3.23.jar:5.3.23]
	at org.springframework.beans.factory.support.AbstractAutowireCapableBeanFactory.doCreateBean(AbstractAutowireCapableBeanFactory.java:620) ~[spring-beans-5.3.23.jar:5.3.23]
	at org.springframework.beans.factory.support.AbstractAutowireCapableBeanFactory.createBean(AbstractAutowireCapableBeanFactory.java:542) ~[spring-beans-5.3.23.jar:5.3.23]
	at org.springframework.beans.factory.support.AbstractBeanFactory.lambda$doGetBean$0(AbstractBeanFactory.java:335) ~[spring-beans-5.3.23.jar:5.3.23]
	at org.springframework.beans.factory.support.DefaultSingletonBeanRegistry.getSingleton(DefaultSingletonBeanRegistry.java:234) ~[spring-beans-5.3.23.jar:5.3.23]
	at org.springframework.beans.factory.support.AbstractBeanFactory.doGetBean(AbstractBeanFactory.java:333) ~[spring-beans-5.3.23.jar:5.3.23]
	at org.springframework.beans.factory.support.AbstractBeanFactory.getBean(AbstractBeanFactory.java:208) ~[spring-beans-5.3.23.jar:5.3.23]
	at org.springframework.context.support.AbstractApplicationContext.getBean(AbstractApplicationContext.java:1154) ~[spring-context-5.3.23.jar:5.3.23]
	at org.springframework.context.support.AbstractApplicationContext.finishBeanFactoryInitialization(AbstractApplicationContext.java:908) ~[spring-context-5.3.23.jar:5.3.23]
	at org.springframework.context.support.AbstractApplicationContext.refresh(AbstractApplicationContext.java:583) ~[spring-context-5.3.23.jar:5.3.23]
	at org.springframework.boot.web.servlet.context.ServletWebServerApplicationContext.refresh(ServletWebServerApplicationContext.java:147) ~[spring-boot-2.7.5.jar:2.7.5]
	at org.springframework.boot.SpringApplication.refresh(SpringApplication.java:734) ~[spring-boot-2.7.5.jar:2.7.5]
	at org.springframework.boot.SpringApplication.refreshContext(SpringApplication.java:408) ~[spring-boot-2.7.5.jar:2.7.5]
	at org.springframework.boot.SpringApplication.run(SpringApplication.java:308) ~[spring-boot-2.7.5.jar:2.7.5]
	at org.springframework.boot.SpringApplication.run(SpringApplication.java:1306) ~[spring-boot-2.7.5.jar:2.7.5]
	at org.springframework.boot.SpringApplication.run(SpringApplication.java:1295) ~[spring-boot-2.7.5.jar:2.7.5]
	at com.sbilh.bank.SBIWEBSITE.SbiWebsiteApplication.main(SbiWebsiteApplication.java:10) ~[classes/:na]
Caused by: javax.persistence.PersistenceException: [PersistenceUnit: default] Unable to build Hibernate SessionFactory; nested exception is java.lang.IllegalArgumentException: Unrecognized legacy `hibernate.hbm2ddl.auto` value : `auto`
	at org.springframework.orm.jpa.AbstractEntityManagerFactoryBean.buildNativeEntityManagerFactory(AbstractEntityManagerFactoryBean.java:421) ~[spring-orm-5.3.23.jar:5.3.23]
	at org.springframework.orm.jpa.AbstractEntityManagerFactoryBean.afterPropertiesSet(AbstractEntityManagerFactoryBean.java:396) ~[spring-orm-5.3.23.jar:5.3.23]
	at org.springframework.orm.jpa.LocalContainerEntityManagerFactoryBean.afterPropertiesSet(LocalContainerEntityManagerFactoryBean.java:341) ~[spring-orm-5.3.23.jar:5.3.23]
	at org.springframework.beans.factory.support.AbstractAutowireCapableBeanFactory.invokeInitMethods(AbstractAutowireCapableBeanFactory.java:1863) ~[spring-beans-5.3.23.jar:5.3.23]
	at org.springframework.beans.factory.support.AbstractAutowireCapableBeanFactory.initializeBean(AbstractAutowireCapableBeanFactory.java:1800) ~[spring-beans-5.3.23.jar:5.3.23]
	... 16 common frames omitted
Caused by: java.lang.IllegalArgumentException: Unrecognized legacy `hibernate.hbm2ddl.auto` value : `auto`
	at org.hibernate.tool.schema.Action.interpretHbm2ddlSetting(Action.java:189) ~[hibernate-core-5.6.12.Final.jar:5.6.12.Final]
	at org.hibernate.tool.schema.spi.SchemaManagementToolCoordinator$ActionGrouping.determineAutoSettingImpliedAction(SchemaManagementToolCoordinator.java:596) ~[hibernate-core-5.6.12.Final.jar:5.6.12.Final]
	at org.hibernate.tool.schema.spi.SchemaManagementToolCoordinator$ActionGrouping.interpret(SchemaManagementToolCoordinator.java:537) ~[hibernate-core-5.6.12.Final.jar:5.6.12.Final]
	at org.hibernate.tool.schema.spi.SchemaManagementToolCoordinator.process(SchemaManagementToolCoordinator.java:65) ~[hibernate-core-5.6.12.Final.jar:5.6.12.Final]
	at org.hibernate.internal.SessionFactoryImpl.<init>(SessionFactoryImpl.java:335) ~[hibernate-core-5.6.12.Final.jar:5.6.12.Final]
	at org.hibernate.boot.internal.SessionFactoryBuilderImpl.build(SessionFactoryBuilderImpl.java:471) ~[hibernate-core-5.6.12.Final.jar:5.6.12.Final]
	at org.hibernate.jpa.boot.internal.EntityManagerFactoryBuilderImpl.build(EntityManagerFactoryBuilderImpl.java:1498) ~[hibernate-core-5.6.12.Final.jar:5.6.12.Final]
	at org.springframework.orm.jpa.vendor.SpringHibernateJpaPersistenceProvider.createContainerEntityManagerFactory(SpringHibernateJpaPersistenceProvider.java:58) ~[spring-orm-5.3.23.jar:5.3.23]
	at org.springframework.orm.jpa.LocalContainerEntityManagerFactoryBean.createNativeEntityManagerFactory(LocalContainerEntityManagerFactoryBean.java:365) ~[spring-orm-5.3.23.jar:5.3.23]
	at org.springframework.orm.jpa.AbstractEntityManagerFactoryBean.buildNativeEntityManagerFactory(AbstractEntityManagerFactoryBean.java:409) ~[spring-orm-5.3.23.jar:5.3.23]
	... 20 common frames omitted

2022-12-20 11:46:53.374  INFO 19396 --- [main] c.s.b.SBIWEBSITE.SbiWebsiteApplication   : Starting SbiWebsiteApplication using Java 19 on LS-LAP-10 with PID 19396 (D:\Development\SBI-WEBSITE\SBI-WEBSITE\target\classes started by phearin.yeun in D:\Development\SBI-WEBSITE\SBI-WEBSITE)
2022-12-20 11:46:53.378  INFO 19396 --- [main] c.s.b.SBIWEBSITE.SbiWebsiteApplication   : No active profile set, falling back to 1 default profile: "default"
2022-12-20 11:46:54.800  INFO 19396 --- [main] .s.d.r.c.RepositoryConfigurationDelegate : Bootstrapping Spring Data JPA repositories in DEFAULT mode.
2022-12-20 11:46:54.966  INFO 19396 --- [main] .s.d.r.c.RepositoryConfigurationDelegate : Finished Spring Data repository scanning in 144 ms. Found 7 JPA repository interfaces.
2022-12-20 11:46:56.207  INFO 19396 --- [main] o.s.b.w.embedded.tomcat.TomcatWebServer  : Tomcat initialized with port(s): 8080 (http)
2022-12-20 11:46:56.232  INFO 19396 --- [main] o.apache.catalina.core.StandardService   : Starting service [Tomcat]
2022-12-20 11:46:56.233  INFO 19396 --- [main] org.apache.catalina.core.StandardEngine  : Starting Servlet engine: [Apache Tomcat/9.0.68]
2022-12-20 11:46:56.547  INFO 19396 --- [main] o.a.c.c.C.[Tomcat].[localhost].[/]       : Initializing Spring embedded WebApplicationContext
2022-12-20 11:46:56.548  INFO 19396 --- [main] w.s.c.ServletWebServerApplicationContext : Root WebApplicationContext: initialization completed in 3075 ms
2022-12-20 11:46:56.912  INFO 19396 --- [main] o.hibernate.jpa.internal.util.LogHelper  : HHH000204: Processing PersistenceUnitInfo [name: default]
2022-12-20 11:46:56.986  INFO 19396 --- [main] org.hibernate.Version                    : HHH000412: Hibernate ORM core version 5.6.12.Final
2022-12-20 11:46:57.458  INFO 19396 --- [main] com.zaxxer.hikari.HikariDataSource       : HikariPool-1 - Starting...
2022-12-20 11:46:57.810  INFO 19396 --- [main] com.zaxxer.hikari.HikariDataSource       : HikariPool-1 - Start completed.
2022-12-20 11:46:57.845  INFO 19396 --- [main] org.hibernate.dialect.Dialect            : HHH000400: Using dialect: org.hibernate.dialect.PostgreSQLDialect
2022-12-20 11:46:59.653  INFO 19396 --- [main] o.h.e.t.j.p.i.JtaPlatformInitiator       : HHH000490: Using JtaPlatform implementation: [org.hibernate.engine.transaction.jta.platform.internal.NoJtaPlatform]
2022-12-20 11:46:59.674  INFO 19396 --- [main] j.LocalContainerEntityManagerFactoryBean : Initialized JPA EntityManagerFactory for persistence unit 'default'
2022-12-20 11:47:00.949  WARN 19396 --- [main] .s.s.UserDetailsServiceAutoConfiguration : 

Using generated security password: 5e6dda38-fb8e-45db-8af8-dfd509bb574c

This generated password is for development use only. Your security configuration must be updated before running your application in production.

2022-12-20 11:47:01.151  INFO 19396 --- [main] o.s.s.web.DefaultSecurityFilterChain     : Will secure any request with [org.springframework.security.web.session.DisableEncodeUrlFilter@480994d3, org.springframework.security.web.context.request.async.WebAsyncManagerIntegrationFilter@7146c6ea, org.springframework.security.web.context.SecurityContextPersistenceFilter@b2e1df3, org.springframework.security.web.header.HeaderWriterFilter@4b762988, org.springframework.security.web.authentication.logout.LogoutFilter@8e77c5b, org.springframework.security.web.authentication.UsernamePasswordAuthenticationFilter@31450fc0, org.springframework.security.web.savedrequest.RequestCacheAwareFilter@6cf3b3d7, org.springframework.security.web.servletapi.SecurityContextHolderAwareRequestFilter@2e785b28, org.springframework.security.web.authentication.AnonymousAuthenticationFilter@a5d23c9, org.springframework.security.web.session.SessionManagementFilter@12a9e864, org.springframework.security.web.access.ExceptionTranslationFilter@19e5e110, org.springframework.security.web.access.intercept.FilterSecurityInterceptor@270097ce]
2022-12-20 11:47:01.233  WARN 19396 --- [main] JpaBaseConfiguration$JpaWebConfiguration : spring.jpa.open-in-view is enabled by default. Therefore, database queries may be performed during view rendering. Explicitly configure spring.jpa.open-in-view to disable this warning
2022-12-20 11:47:01.806  INFO 19396 --- [main] o.s.b.w.embedded.tomcat.TomcatWebServer  : Tomcat started on port(s): 8080 (http) with context path ''
2022-12-20 11:47:01.823  INFO 19396 --- [main] c.s.b.SBIWEBSITE.SbiWebsiteApplication   : Started SbiWebsiteApplication in 9.355 seconds (JVM running for 10.285)
2022-12-20 11:48:43.583  INFO 19396 --- [SpringApplicationShutdownHook] j.LocalContainerEntityManagerFactoryBean : Closing JPA EntityManagerFactory for persistence unit 'default'
2022-12-20 11:48:43.587  INFO 19396 --- [SpringApplicationShutdownHook] com.zaxxer.hikari.HikariDataSource       : HikariPool-1 - Shutdown initiated...
2022-12-20 11:48:43.603  INFO 19396 --- [SpringApplicationShutdownHook] com.zaxxer.hikari.HikariDataSource       : HikariPool-1 - Shutdown completed.
2022-12-20 11:48:53.772  INFO 18548 --- [main] c.s.b.SBIWEBSITE.SbiWebsiteApplication   : Starting SbiWebsiteApplication using Java 19 on LS-LAP-10 with PID 18548 (D:\Development\SBI-WEBSITE\SBI-WEBSITE\target\classes started by phearin.yeun in D:\Development\SBI-WEBSITE\SBI-WEBSITE)
2022-12-20 11:48:53.776  INFO 18548 --- [main] c.s.b.SBIWEBSITE.SbiWebsiteApplication   : No active profile set, falling back to 1 default profile: "default"
2022-12-20 11:48:54.904  INFO 18548 --- [main] .s.d.r.c.RepositoryConfigurationDelegate : Bootstrapping Spring Data JPA repositories in DEFAULT mode.
2022-12-20 11:48:55.050  INFO 18548 --- [main] .s.d.r.c.RepositoryConfigurationDelegate : Finished Spring Data repository scanning in 130 ms. Found 7 JPA repository interfaces.
2022-12-20 11:48:56.238  INFO 18548 --- [main] o.s.b.w.embedded.tomcat.TomcatWebServer  : Tomcat initialized with port(s): 8080 (http)
2022-12-20 11:48:56.260  INFO 18548 --- [main] o.apache.catalina.core.StandardService   : Starting service [Tomcat]
2022-12-20 11:48:56.261  INFO 18548 --- [main] org.apache.catalina.core.StandardEngine  : Starting Servlet engine: [Apache Tomcat/9.0.68]
2022-12-20 11:48:56.523  INFO 18548 --- [main] o.a.c.c.C.[Tomcat].[localhost].[/]       : Initializing Spring embedded WebApplicationContext
2022-12-20 11:48:56.524  INFO 18548 --- [main] w.s.c.ServletWebServerApplicationContext : Root WebApplicationContext: initialization completed in 2652 ms
2022-12-20 11:48:56.872  INFO 18548 --- [main] o.hibernate.jpa.internal.util.LogHelper  : HHH000204: Processing PersistenceUnitInfo [name: default]
2022-12-20 11:48:56.952  INFO 18548 --- [main] org.hibernate.Version                    : HHH000412: Hibernate ORM core version 5.6.12.Final
2022-12-20 11:48:57.357  INFO 18548 --- [main] com.zaxxer.hikari.HikariDataSource       : HikariPool-1 - Starting...
2022-12-20 11:48:57.711  INFO 18548 --- [main] com.zaxxer.hikari.HikariDataSource       : HikariPool-1 - Start completed.
2022-12-20 11:48:57.742  INFO 18548 --- [main] org.hibernate.dialect.Dialect            : HHH000400: Using dialect: org.hibernate.dialect.PostgreSQLDialect
2022-12-20 11:48:59.218  INFO 18548 --- [main] o.h.e.t.j.p.i.JtaPlatformInitiator       : HHH000490: Using JtaPlatform implementation: [org.hibernate.engine.transaction.jta.platform.internal.NoJtaPlatform]
2022-12-20 11:48:59.233  INFO 18548 --- [main] j.LocalContainerEntityManagerFactoryBean : Initialized JPA EntityManagerFactory for persistence unit 'default'
2022-12-20 11:49:00.394  WARN 18548 --- [main] .s.s.UserDetailsServiceAutoConfiguration : 

Using generated security password: 457cfc19-ffd1-4426-a189-41c891952b57

This generated password is for development use only. Your security configuration must be updated before running your application in production.

2022-12-20 11:49:00.564  INFO 18548 --- [main] o.s.s.web.DefaultSecurityFilterChain     : Will secure any request with [org.springframework.security.web.session.DisableEncodeUrlFilter@49de1505, org.springframework.security.web.context.request.async.WebAsyncManagerIntegrationFilter@1bbc1b90, org.springframework.security.web.context.SecurityContextPersistenceFilter@12a9e864, org.springframework.security.web.header.HeaderWriterFilter@63318b56, org.springframework.security.web.authentication.logout.LogoutFilter@4d964c9e, org.springframework.security.web.authentication.UsernamePasswordAuthenticationFilter@69cb134, org.springframework.security.web.savedrequest.RequestCacheAwareFilter@3c6fc4cd, org.springframework.security.web.servletapi.SecurityContextHolderAwareRequestFilter@b2e1df3, org.springframework.security.web.authentication.AnonymousAuthenticationFilter@29e3c28, org.springframework.security.web.session.SessionManagementFilter@1e295f7f, org.springframework.security.web.access.ExceptionTranslationFilter@753e4eb5, org.springframework.security.web.access.intercept.FilterSecurityInterceptor@550f522b]
2022-12-20 11:49:00.664  WARN 18548 --- [main] JpaBaseConfiguration$JpaWebConfiguration : spring.jpa.open-in-view is enabled by default. Therefore, database queries may be performed during view rendering. Explicitly configure spring.jpa.open-in-view to disable this warning
2022-12-20 11:49:01.257  INFO 18548 --- [main] o.s.b.w.embedded.tomcat.TomcatWebServer  : Tomcat started on port(s): 8080 (http) with context path ''
2022-12-20 11:49:01.273  INFO 18548 --- [main] c.s.b.SBIWEBSITE.SbiWebsiteApplication   : Started SbiWebsiteApplication in 8.371 seconds (JVM running for 9.297)
2022-12-20 12:55:04.137  WARN 18548 --- [HikariPool-1 housekeeper] com.zaxxer.hikari.pool.HikariPool        : HikariPool-1 - Thread starvation or clock leap detected (housekeeper delta=44m36s10ms517µs900ns).
2022-12-20 13:00:07.567  WARN 18548 --- [HikariPool-1 housekeeper] com.zaxxer.hikari.pool.HikariPool        : HikariPool-1 - Thread starvation or clock leap detected (housekeeper delta=5m3s446ms72µs200ns).
2022-12-20 13:05:00.229  INFO 18548 --- [http-nio-8080-exec-2] o.a.c.c.C.[Tomcat].[localhost].[/]       : Initializing Spring DispatcherServlet 'dispatcherServlet'
2022-12-20 13:05:00.231  INFO 18548 --- [http-nio-8080-exec-2] o.s.web.servlet.DispatcherServlet        : Initializing Servlet 'dispatcherServlet'
2022-12-20 13:05:00.286  INFO 18548 --- [http-nio-8080-exec-2] o.s.web.servlet.DispatcherServlet        : Completed initialization in 55 ms
2022-12-20 13:05:00.556  INFO 18548 --- [http-nio-8080-exec-2] c.s.b.S.s.impl.MobileBankingServiceImpl  : Could not found id 2
2022-12-20 15:05:44.502  INFO 13300 --- [main] c.s.b.SBIWEBSITE.SbiWebsiteApplication   : Starting SbiWebsiteApplication using Java 19 on LS-LAP-10 with PID 13300 (D:\Development\SBI-WEBSITE\SBI-WEBSITE\target\classes started by phearin.yeun in D:\Development\SBI-WEBSITE\SBI-WEBSITE)
2022-12-20 15:05:44.510  INFO 13300 --- [main] c.s.b.SBIWEBSITE.SbiWebsiteApplication   : No active profile set, falling back to 1 default profile: "default"
2022-12-20 15:05:45.664  INFO 13300 --- [main] .s.d.r.c.RepositoryConfigurationDelegate : Bootstrapping Spring Data JPA repositories in DEFAULT mode.
2022-12-20 15:05:45.769  INFO 13300 --- [main] .s.d.r.c.RepositoryConfigurationDelegate : Finished Spring Data repository scanning in 91 ms. Found 7 JPA repository interfaces.
2022-12-20 15:05:47.197  INFO 13300 --- [main] o.s.b.w.embedded.tomcat.TomcatWebServer  : Tomcat initialized with port(s): 8080 (http)
2022-12-20 15:05:47.223  INFO 13300 --- [main] o.apache.catalina.core.StandardService   : Starting service [Tomcat]
2022-12-20 15:05:47.223  INFO 13300 --- [main] org.apache.catalina.core.StandardEngine  : Starting Servlet engine: [Apache Tomcat/9.0.68]
2022-12-20 15:05:47.378  INFO 13300 --- [main] o.a.c.c.C.[Tomcat].[localhost].[/]       : Initializing Spring embedded WebApplicationContext
2022-12-20 15:05:47.378  INFO 13300 --- [main] w.s.c.ServletWebServerApplicationContext : Root WebApplicationContext: initialization completed in 2697 ms
2022-12-20 15:05:47.717  INFO 13300 --- [main] o.hibernate.jpa.internal.util.LogHelper  : HHH000204: Processing PersistenceUnitInfo [name: default]
2022-12-20 15:05:47.787  INFO 13300 --- [main] org.hibernate.Version                    : HHH000412: Hibernate ORM core version 5.6.12.Final
2022-12-20 15:05:48.073  INFO 13300 --- [main] com.zaxxer.hikari.HikariDataSource       : HikariPool-1 - Starting...
2022-12-20 15:05:48.355  INFO 13300 --- [main] com.zaxxer.hikari.HikariDataSource       : HikariPool-1 - Start completed.
2022-12-20 15:05:48.378  INFO 13300 --- [main] org.hibernate.dialect.Dialect            : HHH000400: Using dialect: org.hibernate.dialect.PostgreSQLDialect
2022-12-20 15:05:49.476  INFO 13300 --- [main] o.h.e.t.j.p.i.JtaPlatformInitiator       : HHH000490: Using JtaPlatform implementation: [org.hibernate.engine.transaction.jta.platform.internal.NoJtaPlatform]
2022-12-20 15:05:49.482  INFO 13300 --- [main] j.LocalContainerEntityManagerFactoryBean : Initialized JPA EntityManagerFactory for persistence unit 'default'
2022-12-20 15:05:50.187  WARN 13300 --- [main] .s.s.UserDetailsServiceAutoConfiguration : 

Using generated security password: e6f60bb6-9210-4ad3-91df-3c4f4484e440

This generated password is for development use only. Your security configuration must be updated before running your application in production.

2022-12-20 15:05:50.333  INFO 13300 --- [main] o.s.s.web.DefaultSecurityFilterChain     : Will secure any request with [org.springframework.security.web.session.DisableEncodeUrlFilter@5c459194, org.springframework.security.web.context.request.async.WebAsyncManagerIntegrationFilter@61d8a491, org.springframework.security.web.context.SecurityContextPersistenceFilter@77226121, org.springframework.security.web.header.HeaderWriterFilter@1adfb5b8, org.springframework.security.web.authentication.logout.LogoutFilter@4b762988, org.springframework.security.web.authentication.UsernamePasswordAuthenticationFilter@6296e4bf, org.springframework.security.web.savedrequest.RequestCacheAwareFilter@760c777d, org.springframework.security.web.servletapi.SecurityContextHolderAwareRequestFilter@7ea039b4, org.springframework.security.web.authentication.AnonymousAuthenticationFilter@6065bcb7, org.springframework.security.web.session.SessionManagementFilter@65f470f8, org.springframework.security.web.access.ExceptionTranslationFilter@52325940, org.springframework.security.web.access.intercept.FilterSecurityInterceptor@121dac1a]
2022-12-20 15:05:50.338  INFO 13300 --- [main] o.s.s.web.DefaultSecurityFilterChain     : Will secure any request with [org.springframework.security.web.session.DisableEncodeUrlFilter@534d0cfa, org.springframework.security.web.context.request.async.WebAsyncManagerIntegrationFilter@1f1ffc18, org.springframework.security.web.context.SecurityContextPersistenceFilter@52b30dcd, org.springframework.security.web.header.HeaderWriterFilter@314c6f89, org.springframework.security.web.authentication.logout.LogoutFilter@480994d3, org.springframework.security.web.authentication.UsernamePasswordAuthenticationFilter@6244afc4, org.springframework.security.web.savedrequest.RequestCacheAwareFilter@49de1505, org.springframework.security.web.servletapi.SecurityContextHolderAwareRequestFilter@1bbc1b90, org.springframework.security.web.authentication.AnonymousAuthenticationFilter@5a4e492c, org.springframework.security.web.session.SessionManagementFilter@31450fc0, org.springframework.security.web.access.ExceptionTranslationFilter@125124ea, org.springframework.security.web.access.intercept.FilterSecurityInterceptor@59c38af5]
2022-12-20 15:05:50.398  WARN 13300 --- [main] JpaBaseConfiguration$JpaWebConfiguration : spring.jpa.open-in-view is enabled by default. Therefore, database queries may be performed during view rendering. Explicitly configure spring.jpa.open-in-view to disable this warning
2022-12-20 15:05:50.945  INFO 13300 --- [main] o.s.b.w.embedded.tomcat.TomcatWebServer  : Tomcat started on port(s): 8080 (http) with context path ''
2022-12-20 15:05:50.956  INFO 13300 --- [main] c.s.b.SBIWEBSITE.SbiWebsiteApplication   : Started SbiWebsiteApplication in 7.238 seconds (JVM running for 8.426)
2022-12-20 15:05:55.604  INFO 13300 --- [http-nio-8080-exec-1] o.a.c.c.C.[Tomcat].[localhost].[/]       : Initializing Spring DispatcherServlet 'dispatcherServlet'
2022-12-20 15:05:55.605  INFO 13300 --- [http-nio-8080-exec-1] o.s.web.servlet.DispatcherServlet        : Initializing Servlet 'dispatcherServlet'
2022-12-20 15:05:55.606  INFO 13300 --- [http-nio-8080-exec-1] o.s.web.servlet.DispatcherServlet        : Completed initialization in 1 ms
2022-12-20 15:12:55.674  INFO 13300 --- [SpringApplicationShutdownHook] j.LocalContainerEntityManagerFactoryBean : Closing JPA EntityManagerFactory for persistence unit 'default'
2022-12-20 15:12:55.677  INFO 13300 --- [SpringApplicationShutdownHook] com.zaxxer.hikari.HikariDataSource       : HikariPool-1 - Shutdown initiated...
2022-12-20 15:12:55.682  INFO 13300 --- [SpringApplicationShutdownHook] com.zaxxer.hikari.HikariDataSource       : HikariPool-1 - Shutdown completed.
2022-12-20 15:13:04.229  INFO 14440 --- [main] c.s.b.SBIWEBSITE.SbiWebsiteApplication   : Starting SbiWebsiteApplication using Java 19 on LS-LAP-10 with PID 14440 (D:\Development\SBI-WEBSITE\SBI-WEBSITE\target\classes started by phearin.yeun in D:\Development\SBI-WEBSITE\SBI-WEBSITE)
2022-12-20 15:13:04.231  INFO 14440 --- [main] c.s.b.SBIWEBSITE.SbiWebsiteApplication   : No active profile set, falling back to 1 default profile: "default"
2022-12-20 15:13:04.863  INFO 14440 --- [main] .s.d.r.c.RepositoryConfigurationDelegate : Bootstrapping Spring Data JPA repositories in DEFAULT mode.
2022-12-20 15:13:04.948  INFO 14440 --- [main] .s.d.r.c.RepositoryConfigurationDelegate : Finished Spring Data repository scanning in 73 ms. Found 7 JPA repository interfaces.
2022-12-20 15:13:05.607  INFO 14440 --- [main] o.s.b.w.embedded.tomcat.TomcatWebServer  : Tomcat initialized with port(s): 8080 (http)
2022-12-20 15:13:05.618  INFO 14440 --- [main] o.apache.catalina.core.StandardService   : Starting service [Tomcat]
2022-12-20 15:13:05.619  INFO 14440 --- [main] org.apache.catalina.core.StandardEngine  : Starting Servlet engine: [Apache Tomcat/9.0.68]
2022-12-20 15:13:05.739  INFO 14440 --- [main] o.a.c.c.C.[Tomcat].[localhost].[/]       : Initializing Spring embedded WebApplicationContext
2022-12-20 15:13:05.740  INFO 14440 --- [main] w.s.c.ServletWebServerApplicationContext : Root WebApplicationContext: initialization completed in 1429 ms
2022-12-20 15:13:05.929  INFO 14440 --- [main] o.hibernate.jpa.internal.util.LogHelper  : HHH000204: Processing PersistenceUnitInfo [name: default]
2022-12-20 15:13:05.969  INFO 14440 --- [main] org.hibernate.Version                    : HHH000412: Hibernate ORM core version 5.6.12.Final
2022-12-20 15:13:06.213  INFO 14440 --- [main] com.zaxxer.hikari.HikariDataSource       : HikariPool-1 - Starting...
2022-12-20 15:13:06.594  INFO 14440 --- [main] com.zaxxer.hikari.HikariDataSource       : HikariPool-1 - Start completed.
2022-12-20 15:13:06.624  INFO 14440 --- [main] org.hibernate.dialect.Dialect            : HHH000400: Using dialect: org.hibernate.dialect.PostgreSQLDialect
2022-12-20 15:13:07.432  INFO 14440 --- [main] o.h.e.t.j.p.i.JtaPlatformInitiator       : HHH000490: Using JtaPlatform implementation: [org.hibernate.engine.transaction.jta.platform.internal.NoJtaPlatform]
2022-12-20 15:13:07.438  INFO 14440 --- [main] j.LocalContainerEntityManagerFactoryBean : Initialized JPA EntityManagerFactory for persistence unit 'default'
2022-12-20 15:13:08.064  WARN 14440 --- [main] .s.s.UserDetailsServiceAutoConfiguration : 

Using generated security password: 8127d183-cb13-4374-aa50-2fbf7b1b45af

This generated password is for development use only. Your security configuration must be updated before running your application in production.

2022-12-20 15:13:08.153  INFO 14440 --- [main] o.s.s.web.DefaultSecurityFilterChain     : Will secure any request with [org.springframework.security.web.session.DisableEncodeUrlFilter@1d167630, org.springframework.security.web.context.request.async.WebAsyncManagerIntegrationFilter@3bc18fec, org.springframework.security.web.context.SecurityContextPersistenceFilter@12a9e864, org.springframework.security.web.header.HeaderWriterFilter@63318b56, org.springframework.security.web.csrf.CsrfFilter@1aef7428, org.springframework.security.web.authentication.logout.LogoutFilter@4d964c9e, org.springframework.security.web.authentication.UsernamePasswordAuthenticationFilter@42172065, org.springframework.security.web.savedrequest.RequestCacheAwareFilter@3c6fc4cd, org.springframework.security.web.servletapi.SecurityContextHolderAwareRequestFilter@2e785b28, org.springframework.security.web.authentication.AnonymousAuthenticationFilter@1eee9b78, org.springframework.security.web.session.SessionManagementFilter@1e295f7f, org.springframework.security.web.access.ExceptionTranslationFilter@753e4eb5]
2022-12-20 15:13:08.183  INFO 14440 --- [main] o.s.s.web.DefaultSecurityFilterChain     : Will secure any request with [org.springframework.security.web.session.DisableEncodeUrlFilter@3e0327dd, org.springframework.security.web.context.request.async.WebAsyncManagerIntegrationFilter@ebff59d, org.springframework.security.web.context.SecurityContextPersistenceFilter@642ec6, org.springframework.security.web.header.HeaderWriterFilter@1b6e4761, org.springframework.security.web.authentication.logout.LogoutFilter@2c8f65da, org.springframework.security.web.authentication.UsernamePasswordAuthenticationFilter@50a1af86, org.springframework.security.web.savedrequest.RequestCacheAwareFilter@656302c, org.springframework.security.web.servletapi.SecurityContextHolderAwareRequestFilter@6f6a2ac8, org.springframework.security.web.authentication.AnonymousAuthenticationFilter@3361d286, org.springframework.security.web.session.SessionManagementFilter@f453129, org.springframework.security.web.access.ExceptionTranslationFilter@14624acc, org.springframework.security.web.access.intercept.FilterSecurityInterceptor@2b4954a4]
2022-12-20 15:13:08.229  WARN 14440 --- [main] JpaBaseConfiguration$JpaWebConfiguration : spring.jpa.open-in-view is enabled by default. Therefore, database queries may be performed during view rendering. Explicitly configure spring.jpa.open-in-view to disable this warning
2022-12-20 15:13:08.614  INFO 14440 --- [main] o.s.b.w.embedded.tomcat.TomcatWebServer  : Tomcat started on port(s): 8080 (http) with context path ''
2022-12-20 15:13:08.623  INFO 14440 --- [main] c.s.b.SBIWEBSITE.SbiWebsiteApplication   : Started SbiWebsiteApplication in 4.842 seconds (JVM running for 5.377)
2022-12-20 15:13:20.375  INFO 14440 --- [http-nio-8080-exec-3] o.a.c.c.C.[Tomcat].[localhost].[/]       : Initializing Spring DispatcherServlet 'dispatcherServlet'
2022-12-20 15:13:20.375  INFO 14440 --- [http-nio-8080-exec-3] o.s.web.servlet.DispatcherServlet        : Initializing Servlet 'dispatcherServlet'
2022-12-20 15:13:20.377  INFO 14440 --- [http-nio-8080-exec-3] o.s.web.servlet.DispatcherServlet        : Completed initialization in 2 ms
2022-12-20 15:14:10.336  INFO 14440 --- [SpringApplicationShutdownHook] j.LocalContainerEntityManagerFactoryBean : Closing JPA EntityManagerFactory for persistence unit 'default'
2022-12-20 15:14:10.338  INFO 14440 --- [SpringApplicationShutdownHook] com.zaxxer.hikari.HikariDataSource       : HikariPool-1 - Shutdown initiated...
2022-12-20 15:14:10.343  INFO 14440 --- [SpringApplicationShutdownHook] com.zaxxer.hikari.HikariDataSource       : HikariPool-1 - Shutdown completed.
2022-12-20 15:14:15.704  INFO 9840 --- [main] c.s.b.SBIWEBSITE.SbiWebsiteApplication   : Starting SbiWebsiteApplication using Java 19 on LS-LAP-10 with PID 9840 (D:\Development\SBI-WEBSITE\SBI-WEBSITE\target\classes started by phearin.yeun in D:\Development\SBI-WEBSITE\SBI-WEBSITE)
2022-12-20 15:14:15.715  INFO 9840 --- [main] c.s.b.SBIWEBSITE.SbiWebsiteApplication   : No active profile set, falling back to 1 default profile: "default"
2022-12-20 15:14:16.725  INFO 9840 --- [main] .s.d.r.c.RepositoryConfigurationDelegate : Bootstrapping Spring Data JPA repositories in DEFAULT mode.
2022-12-20 15:14:16.848  INFO 9840 --- [main] .s.d.r.c.RepositoryConfigurationDelegate : Finished Spring Data repository scanning in 110 ms. Found 7 JPA repository interfaces.
2022-12-20 15:14:18.268  INFO 9840 --- [main] o.s.b.w.embedded.tomcat.TomcatWebServer  : Tomcat initialized with port(s): 8080 (http)
2022-12-20 15:14:18.283  INFO 9840 --- [main] o.apache.catalina.core.StandardService   : Starting service [Tomcat]
2022-12-20 15:14:18.283  INFO 9840 --- [main] org.apache.catalina.core.StandardEngine  : Starting Servlet engine: [Apache Tomcat/9.0.68]
2022-12-20 15:14:18.435  INFO 9840 --- [main] o.a.c.c.C.[Tomcat].[localhost].[/]       : Initializing Spring embedded WebApplicationContext
2022-12-20 15:14:18.436  INFO 9840 --- [main] w.s.c.ServletWebServerApplicationContext : Root WebApplicationContext: initialization completed in 2651 ms
2022-12-20 15:14:18.858  INFO 9840 --- [main] o.hibernate.jpa.internal.util.LogHelper  : HHH000204: Processing PersistenceUnitInfo [name: default]
2022-12-20 15:14:18.919  INFO 9840 --- [main] org.hibernate.Version                    : HHH000412: Hibernate ORM core version 5.6.12.Final
2022-12-20 15:14:19.645  INFO 9840 --- [main] com.zaxxer.hikari.HikariDataSource       : HikariPool-1 - Starting...
2022-12-20 15:14:20.070  INFO 9840 --- [main] com.zaxxer.hikari.HikariDataSource       : HikariPool-1 - Start completed.
2022-12-20 15:14:20.091  INFO 9840 --- [main] org.hibernate.dialect.Dialect            : HHH000400: Using dialect: org.hibernate.dialect.PostgreSQLDialect
2022-12-20 15:14:21.491  INFO 9840 --- [main] o.h.e.t.j.p.i.JtaPlatformInitiator       : HHH000490: Using JtaPlatform implementation: [org.hibernate.engine.transaction.jta.platform.internal.NoJtaPlatform]
2022-12-20 15:14:21.514  INFO 9840 --- [main] j.LocalContainerEntityManagerFactoryBean : Initialized JPA EntityManagerFactory for persistence unit 'default'
2022-12-20 15:14:22.572  WARN 9840 --- [main] .s.s.UserDetailsServiceAutoConfiguration : 

Using generated security password: 98ebdd7e-e2a0-4b9a-acf7-a41db61c6fd9

This generated password is for development use only. Your security configuration must be updated before running your application in production.

2022-12-20 15:14:22.671  INFO 9840 --- [main] o.s.s.web.DefaultSecurityFilterChain     : Will secure any request with [org.springframework.security.web.session.DisableEncodeUrlFilter@21579b35, org.springframework.security.web.context.request.async.WebAsyncManagerIntegrationFilter@25b83dce, org.springframework.security.web.context.SecurityContextPersistenceFilter@364c93e6, org.springframework.security.web.header.HeaderWriterFilter@38856d6e, org.springframework.security.web.csrf.CsrfFilter@5fd31df7, org.springframework.security.web.authentication.logout.LogoutFilter@44dcc0e4, org.springframework.security.web.authentication.UsernamePasswordAuthenticationFilter@2114eb1a, org.springframework.security.web.savedrequest.RequestCacheAwareFilter@66a8ff6d, org.springframework.security.web.servletapi.SecurityContextHolderAwareRequestFilter@4b20aa21, org.springframework.security.web.authentication.AnonymousAuthenticationFilter@74cd8c55, org.springframework.security.web.session.SessionManagementFilter@1dd9a3ae, org.springframework.security.web.access.ExceptionTranslationFilter@165454f7]
2022-12-20 15:14:22.718  INFO 9840 --- [main] o.s.s.web.DefaultSecurityFilterChain     : Will secure any request with [org.springframework.security.web.session.DisableEncodeUrlFilter@1860b107, org.springframework.security.web.context.request.async.WebAsyncManagerIntegrationFilter@744f0e0b, org.springframework.security.web.context.SecurityContextPersistenceFilter@464d60fb, org.springframework.security.web.header.HeaderWriterFilter@102fd71d, org.springframework.security.web.authentication.logout.LogoutFilter@2de96eba, org.springframework.security.web.authentication.UsernamePasswordAuthenticationFilter@a302f30, org.springframework.security.web.savedrequest.RequestCacheAwareFilter@447543ee, org.springframework.security.web.servletapi.SecurityContextHolderAwareRequestFilter@2a0ce342, org.springframework.security.web.authentication.AnonymousAuthenticationFilter@4136b193, org.springframework.security.web.session.SessionManagementFilter@8e00c02, org.springframework.security.web.access.ExceptionTranslationFilter@21f479cd, org.springframework.security.web.access.intercept.FilterSecurityInterceptor@90394d]
2022-12-20 15:14:22.842  WARN 9840 --- [main] JpaBaseConfiguration$JpaWebConfiguration : spring.jpa.open-in-view is enabled by default. Therefore, database queries may be performed during view rendering. Explicitly configure spring.jpa.open-in-view to disable this warning
2022-12-20 15:14:23.637  INFO 9840 --- [main] o.s.b.w.embedded.tomcat.TomcatWebServer  : Tomcat started on port(s): 8080 (http) with context path ''
2022-12-20 15:14:23.688  INFO 9840 --- [main] c.s.b.SBIWEBSITE.SbiWebsiteApplication   : Started SbiWebsiteApplication in 8.605 seconds (JVM running for 10.988)
2022-12-20 15:17:23.934  INFO 9840 --- [SpringApplicationShutdownHook] j.LocalContainerEntityManagerFactoryBean : Closing JPA EntityManagerFactory for persistence unit 'default'
2022-12-20 15:17:23.936  INFO 9840 --- [SpringApplicationShutdownHook] com.zaxxer.hikari.HikariDataSource       : HikariPool-1 - Shutdown initiated...
2022-12-20 15:17:23.945  INFO 9840 --- [SpringApplicationShutdownHook] com.zaxxer.hikari.HikariDataSource       : HikariPool-1 - Shutdown completed.
